<?xml version="1.0" encoding="UTF-8"?>
<coverage generated="1742037376096" clover="3.2.0">
  <project timestamp="1742037376096" name="All files">
    <metrics statements="219" coveredstatements="188" conditionals="139" coveredconditionals="108" methods="32" coveredmethods="30" elements="390" coveredelements="326" complexity="0" loc="219" ncloc="219" packages="3" files="4" classes="4"/>
    <package name="hooks">
      <metrics statements="8" coveredstatements="7" conditionals="2" coveredconditionals="1" methods="2" coveredmethods="2"/>
      <file name="useContent.ts" path="/home/usuario/Documentos/dev/js/scrape_plate/scrape-plate-v2/src/action/src/hooks/useContent.ts">
        <metrics statements="8" coveredstatements="7" conditionals="2" coveredconditionals="1" methods="2" coveredmethods="2"/>
        <line num="27" count="32" type="stmt"/>
        <line num="28" count="32" type="stmt"/>
        <line num="30" count="32" type="stmt"/>
        <line num="32" count="32" type="stmt"/>
        <line num="42" count="32" type="cond" truecount="1" falsecount="1"/>
        <line num="43" count="32" type="stmt"/>
        <line num="44" count="32" type="stmt"/>
        <line num="50" count="0" type="stmt"/>
      </file>
    </package>
    <package name="state">
      <metrics statements="108" coveredstatements="96" conditionals="49" coveredconditionals="40" methods="25" coveredmethods="23"/>
      <file name="events.ts" path="/home/usuario/Documentos/dev/js/scrape_plate/scrape-plate-v2/src/action/src/state/events.ts">
        <metrics statements="25" coveredstatements="21" conditionals="8" coveredconditionals="6" methods="8" coveredmethods="7"/>
        <line num="15" count="2" type="stmt"/>
        <line num="20" count="12" type="cond" truecount="1" falsecount="1"/>
        <line num="21" count="12" type="stmt"/>
        <line num="23" count="0" type="stmt"/>
        <line num="27" count="12" type="stmt"/>
        <line num="29" count="0" type="stmt"/>
        <line num="35" count="38" type="stmt"/>
        <line num="38" count="38" type="stmt"/>
        <line num="40" count="38" type="stmt"/>
        <line num="41" count="38" type="cond" truecount="1" falsecount="1"/>
        <line num="43" count="38" type="stmt"/>
        <line num="44" count="38" type="stmt"/>
        <line num="45" count="38" type="stmt"/>
        <line num="47" count="14" type="stmt"/>
        <line num="50" count="38" type="cond" truecount="2" falsecount="0"/>
        <line num="51" count="16" type="stmt"/>
        <line num="52" count="16" type="stmt"/>
        <line num="56" count="22" type="cond" truecount="2" falsecount="0"/>
        <line num="57" count="7" type="stmt"/>
        <line num="58" count="4" type="stmt"/>
        <line num="60" count="3" type="stmt"/>
        <line num="63" count="15" type="stmt"/>
        <line num="68" count="0" type="stmt"/>
        <line num="69" count="0" type="stmt"/>
        <line num="75" count="1" type="stmt"/>
      </file>
      <file name="state.ts" path="/home/usuario/Documentos/dev/js/scrape_plate/scrape-plate-v2/src/action/src/state/state.ts">
        <metrics statements="83" coveredstatements="75" conditionals="41" coveredconditionals="34" methods="17" coveredmethods="16"/>
        <line num="14" count="2" type="stmt"/>
        <line num="16" count="2" type="stmt"/>
        <line num="128" count="2" type="stmt"/>
        <line num="131" count="2" type="stmt"/>
        <line num="135" count="2" type="stmt"/>
        <line num="138" count="2" type="stmt"/>
        <line num="141" count="2" type="stmt"/>
        <line num="144" count="2" type="stmt"/>
        <line num="152" count="1" type="stmt"/>
        <line num="154" count="1" type="stmt"/>
        <line num="155" count="1" type="stmt"/>
        <line num="157" count="0" type="stmt"/>
        <line num="167" count="1" type="stmt"/>
        <line num="175" count="6" type="stmt"/>
        <line num="185" count="10" type="cond" truecount="2" falsecount="0"/>
        <line num="190" count="1" type="stmt"/>
        <line num="193" count="9" type="stmt"/>
        <line num="194" count="9" type="stmt"/>
        <line num="197" count="9" type="cond" truecount="2" falsecount="0"/>
        <line num="198" count="1" type="stmt"/>
        <line num="201" count="8" type="stmt"/>
        <line num="203" count="8" type="cond" truecount="3" falsecount="1"/>
        <line num="206" count="3" type="stmt"/>
        <line num="209" count="6" type="cond" truecount="2" falsecount="0"/>
        <line num="210" count="3" type="stmt"/>
        <line num="211" count="3" type="cond" truecount="1" falsecount="1"/>
        <line num="212" count="0" type="stmt"/>
        <line num="214" count="3" type="stmt"/>
        <line num="216" count="3" type="stmt"/>
        <line num="219" count="2" type="stmt"/>
        <line num="222" count="4" type="cond" truecount="2" falsecount="0"/>
        <line num="226" count="3" type="stmt"/>
        <line num="227" count="1" type="cond" truecount="1" falsecount="1"/>
        <line num="228" count="0" type="stmt"/>
        <line num="230" count="1" type="stmt"/>
        <line num="232" count="2" type="stmt"/>
        <line num="235" count="3" type="stmt"/>
        <line num="239" count="3" type="stmt"/>
        <line num="240" count="7" type="stmt"/>
        <line num="241" count="13" type="cond" truecount="2" falsecount="0"/>
        <line num="245" count="7" type="stmt"/>
        <line num="246" count="6" type="cond" truecount="1" falsecount="1"/>
        <line num="247" count="0" type="stmt"/>
        <line num="248" count="6" type="cond" truecount="1" falsecount="1"/>
        <line num="249" count="0" type="stmt"/>
        <line num="254" count="3" type="stmt"/>
        <line num="258" count="0" type="stmt"/>
        <line num="266" count="18" type="stmt"/>
        <line num="270" count="6" type="stmt"/>
        <line num="276" count="6" type="stmt"/>
        <line num="277" count="6" type="stmt"/>
        <line num="280" count="6" type="stmt"/>
        <line num="282" count="6" type="cond" truecount="3" falsecount="0"/>
        <line num="284" count="1" type="stmt"/>
        <line num="285" count="1" type="stmt"/>
        <line num="286" count="1" type="stmt"/>
        <line num="287" count="1" type="stmt"/>
        <line num="288" count="1" type="stmt"/>
        <line num="290" count="2" type="stmt"/>
        <line num="291" count="2" type="stmt"/>
        <line num="292" count="2" type="stmt"/>
        <line num="293" count="2" type="stmt"/>
        <line num="294" count="2" type="stmt"/>
        <line num="296" count="3" type="stmt"/>
        <line num="297" count="3" type="stmt"/>
        <line num="298" count="3" type="stmt"/>
        <line num="301" count="6" type="stmt"/>
        <line num="303" count="6" type="stmt"/>
        <line num="306" count="6" type="cond" truecount="2" falsecount="0"/>
        <line num="309" count="3" type="cond" truecount="2" falsecount="0"/>
        <line num="310" count="1" type="stmt"/>
        <line num="314" count="2" type="stmt"/>
        <line num="319" count="3" type="stmt"/>
        <line num="320" count="3" type="cond" truecount="1" falsecount="1"/>
        <line num="321" count="3" type="stmt"/>
        <line num="324" count="0" type="stmt"/>
        <line num="330" count="72" type="stmt"/>
        <line num="338" count="8" type="cond" truecount="2" falsecount="1"/>
        <line num="340" count="7" type="stmt"/>
        <line num="345" count="0" type="stmt"/>
        <line num="353" count="1" type="stmt"/>
        <line num="588" count="2" type="stmt"/>
        <line num="594" count="9" type="stmt"/>
      </file>
    </package>
    <package name="utils">
      <metrics statements="103" coveredstatements="85" conditionals="88" coveredconditionals="67" methods="5" coveredmethods="5"/>
      <file name="helpers.ts" path="/home/usuario/Documentos/dev/js/scrape_plate/scrape-plate-v2/src/action/src/utils/helpers.ts">
        <metrics statements="103" coveredstatements="85" conditionals="88" coveredconditionals="67" methods="5" coveredmethods="5"/>
        <line num="16" count="16" type="cond" truecount="3" falsecount="0"/>
        <line num="20" count="4" type="stmt"/>
        <line num="27" count="4" type="stmt"/>
        <line num="28" count="20" type="cond" truecount="1" falsecount="1"/>
        <line num="29" count="0" type="stmt"/>
        <line num="35" count="4" type="stmt"/>
        <line num="36" count="12" type="cond" truecount="5" falsecount="0"/>
        <line num="39" count="4" type="cond" truecount="2" falsecount="0"/>
        <line num="40" count="1" type="stmt"/>
        <line num="43" count="3" type="cond" truecount="2" falsecount="0"/>
        <line num="44" count="1" type="stmt"/>
        <line num="48" count="2" type="stmt"/>
        <line num="50" count="2" type="cond" truecount="1" falsecount="1"/>
        <line num="51" count="0" type="stmt"/>
        <line num="52" count="2" type="stmt"/>
        <line num="54" count="2" type="cond" truecount="1" falsecount="1"/>
        <line num="55" count="0" type="stmt"/>
        <line num="56" count="2" type="stmt"/>
        <line num="58" count="2" type="cond" truecount="1" falsecount="1"/>
        <line num="59" count="0" type="stmt"/>
        <line num="60" count="2" type="stmt"/>
        <line num="62" count="2" type="cond" truecount="1" falsecount="1"/>
        <line num="63" count="0" type="stmt"/>
        <line num="64" count="2" type="stmt"/>
        <line num="68" count="2" type="stmt"/>
        <line num="72" count="6" type="stmt"/>
        <line num="81" count="6" type="stmt"/>
        <line num="82" count="41" type="cond" truecount="1" falsecount="1"/>
        <line num="83" count="0" type="stmt"/>
        <line num="87" count="6" type="stmt"/>
        <line num="88" count="21" type="cond" truecount="7" falsecount="1"/>
        <line num="90" count="6" type="cond" truecount="2" falsecount="0"/>
        <line num="91" count="1" type="stmt"/>
        <line num="93" count="5" type="cond" truecount="2" falsecount="0"/>
        <line num="94" count="1" type="stmt"/>
        <line num="96" count="4" type="stmt"/>
        <line num="98" count="1" type="cond" truecount="1" falsecount="1"/>
        <line num="99" count="0" type="stmt"/>
        <line num="100" count="1" type="stmt"/>
        <line num="102" count="1" type="cond" truecount="1" falsecount="1"/>
        <line num="103" count="0" type="stmt"/>
        <line num="104" count="1" type="stmt"/>
        <line num="106" count="4" type="cond" truecount="1" falsecount="1"/>
        <line num="107" count="0" type="stmt"/>
        <line num="108" count="4" type="stmt"/>
        <line num="110" count="2" type="cond" truecount="1" falsecount="1"/>
        <line num="111" count="0" type="stmt"/>
        <line num="113" count="2" type="stmt"/>
        <line num="114" count="1" type="cond" truecount="2" falsecount="2"/>
        <line num="115" count="1" type="stmt"/>
        <line num="119" count="1" type="stmt"/>
        <line num="121" count="4" type="cond" truecount="1" falsecount="1"/>
        <line num="122" count="0" type="stmt"/>
        <line num="125" count="4" type="stmt"/>
        <line num="129" count="4" type="cond" truecount="2" falsecount="0"/>
        <line num="130" count="1" type="stmt"/>
        <line num="132" count="3" type="stmt"/>
        <line num="135" count="3" type="cond" truecount="1" falsecount="1"/>
        <line num="136" count="0" type="stmt"/>
        <line num="139" count="3" type="stmt"/>
        <line num="143" count="3" type="stmt"/>
        <line num="144" count="7" type="cond" truecount="2" falsecount="0"/>
        <line num="147" count="3" type="cond" truecount="2" falsecount="0"/>
        <line num="148" count="1" type="stmt"/>
        <line num="149" count="2" type="stmt"/>
        <line num="152" count="0" type="stmt"/>
        <line num="156" count="1" type="stmt"/>
        <line num="160" count="6" type="stmt"/>
        <line num="161" count="6" type="stmt"/>
        <line num="162" count="24" type="cond" truecount="1" falsecount="1"/>
        <line num="163" count="0" type="stmt"/>
        <line num="167" count="6" type="stmt"/>
        <line num="168" count="19" type="cond" truecount="4" falsecount="0"/>
        <line num="170" count="6" type="cond" truecount="2" falsecount="2"/>
        <line num="171" count="0" type="stmt"/>
        <line num="172" count="6" type="cond" truecount="2" falsecount="0"/>
        <line num="173" count="1" type="stmt"/>
        <line num="175" count="5" type="stmt"/>
        <line num="177" count="5" type="cond" truecount="1" falsecount="1"/>
        <line num="178" count="0" type="stmt"/>
        <line num="179" count="5" type="stmt"/>
        <line num="181" count="5" type="cond" truecount="2" falsecount="0"/>
        <line num="182" count="1" type="stmt"/>
        <line num="185" count="4" type="stmt"/>
        <line num="186" count="10" type="cond" truecount="2" falsecount="0"/>
        <line num="187" count="1" type="stmt"/>
        <line num="191" count="3" type="stmt"/>
        <line num="193" count="3" type="cond" truecount="1" falsecount="1"/>
        <line num="194" count="0" type="stmt"/>
        <line num="195" count="3" type="stmt"/>
        <line num="199" count="3" type="stmt"/>
        <line num="209" count="18" type="stmt"/>
        <line num="211" count="18" type="stmt"/>
        <line num="212" count="53" type="cond" truecount="2" falsecount="0"/>
        <line num="213" count="1" type="stmt"/>
        <line num="217" count="17" type="stmt"/>
        <line num="220" count="17" type="stmt"/>
        <line num="221" count="17" type="cond" truecount="3" falsecount="1"/>
        <line num="222" count="0" type="stmt"/>
        <line num="225" count="17" type="stmt"/>
        <line num="226" count="17" type="cond" truecount="4" falsecount="0"/>
        <line num="227" count="1" type="stmt"/>
        <line num="230" count="16" type="stmt"/>
      </file>
    </package>
  </project>
</coverage>
