<?xml version="1.0" encoding="UTF-8"?>
<coverage generated="1742040657666" clover="3.2.0">
  <project timestamp="1742040657666" name="All files">
    <metrics statements="262" coveredstatements="219" conditionals="157" coveredconditionals="117" methods="40" coveredmethods="36" elements="459" coveredelements="372" complexity="0" loc="262" ncloc="262" packages="3" files="4" classes="4"/>
    <package name="hooks">
      <metrics statements="8" coveredstatements="7" conditionals="2" coveredconditionals="1" methods="2" coveredmethods="2"/>
      <file name="useContent.ts" path="/home/usuario/Documentos/dev/js/scrape_plate/scrape-plate-v2/src/action/src/hooks/useContent.ts">
        <metrics statements="8" coveredstatements="7" conditionals="2" coveredconditionals="1" methods="2" coveredmethods="2"/>
        <line num="27" count="36" type="stmt"/>
        <line num="28" count="36" type="stmt"/>
        <line num="30" count="36" type="stmt"/>
        <line num="32" count="36" type="stmt"/>
        <line num="42" count="36" type="cond" truecount="1" falsecount="1"/>
        <line num="43" count="36" type="stmt"/>
        <line num="44" count="36" type="stmt"/>
        <line num="50" count="0" type="stmt"/>
      </file>
    </package>
    <package name="state">
      <metrics statements="147" coveredstatements="124" conditionals="64" coveredconditionals="47" methods="32" coveredmethods="28"/>
      <file name="events.ts" path="/home/usuario/Documentos/dev/js/scrape_plate/scrape-plate-v2/src/action/src/state/events.ts">
        <metrics statements="25" coveredstatements="21" conditionals="8" coveredconditionals="6" methods="8" coveredmethods="7"/>
        <line num="15" count="2" type="stmt"/>
        <line num="20" count="16" type="cond" truecount="1" falsecount="1"/>
        <line num="21" count="16" type="stmt"/>
        <line num="23" count="0" type="stmt"/>
        <line num="27" count="16" type="stmt"/>
        <line num="29" count="0" type="stmt"/>
        <line num="35" count="46" type="stmt"/>
        <line num="38" count="46" type="stmt"/>
        <line num="40" count="46" type="stmt"/>
        <line num="41" count="46" type="cond" truecount="1" falsecount="1"/>
        <line num="43" count="46" type="stmt"/>
        <line num="44" count="46" type="stmt"/>
        <line num="45" count="46" type="stmt"/>
        <line num="47" count="14" type="stmt"/>
        <line num="50" count="46" type="cond" truecount="2" falsecount="0"/>
        <line num="51" count="16" type="stmt"/>
        <line num="52" count="16" type="stmt"/>
        <line num="56" count="30" type="cond" truecount="2" falsecount="0"/>
        <line num="57" count="11" type="stmt"/>
        <line num="58" count="8" type="stmt"/>
        <line num="60" count="3" type="stmt"/>
        <line num="63" count="19" type="stmt"/>
        <line num="68" count="0" type="stmt"/>
        <line num="69" count="0" type="stmt"/>
        <line num="75" count="1" type="stmt"/>
      </file>
      <file name="state.ts" path="/home/usuario/Documentos/dev/js/scrape_plate/scrape-plate-v2/src/action/src/state/state.ts">
        <metrics statements="122" coveredstatements="103" conditionals="56" coveredconditionals="41" methods="24" coveredmethods="21"/>
        <line num="18" count="2" type="stmt"/>
        <line num="20" count="2" type="stmt"/>
        <line num="132" count="2" type="stmt"/>
        <line num="135" count="2" type="stmt"/>
        <line num="139" count="2" type="stmt"/>
        <line num="142" count="2" type="stmt"/>
        <line num="145" count="2" type="stmt"/>
        <line num="148" count="2" type="stmt"/>
        <line num="151" count="2" type="stmt"/>
        <line num="154" count="2" type="stmt"/>
        <line num="162" count="1" type="stmt"/>
        <line num="164" count="1" type="stmt"/>
        <line num="165" count="1" type="stmt"/>
        <line num="167" count="0" type="stmt"/>
        <line num="177" count="1" type="stmt"/>
        <line num="185" count="8" type="stmt"/>
        <line num="195" count="12" type="cond" truecount="2" falsecount="0"/>
        <line num="200" count="1" type="stmt"/>
        <line num="203" count="11" type="stmt"/>
        <line num="204" count="11" type="stmt"/>
        <line num="207" count="11" type="cond" truecount="2" falsecount="0"/>
        <line num="208" count="1" type="stmt"/>
        <line num="211" count="10" type="stmt"/>
        <line num="213" count="10" type="cond" truecount="3" falsecount="1"/>
        <line num="216" count="4" type="stmt"/>
        <line num="219" count="8" type="cond" truecount="2" falsecount="0"/>
        <line num="220" count="4" type="stmt"/>
        <line num="221" count="4" type="cond" truecount="1" falsecount="1"/>
        <line num="222" count="0" type="stmt"/>
        <line num="224" count="4" type="stmt"/>
        <line num="226" count="4" type="stmt"/>
        <line num="229" count="2" type="stmt"/>
        <line num="232" count="4" type="cond" truecount="2" falsecount="0"/>
        <line num="236" count="3" type="stmt"/>
        <line num="237" count="1" type="cond" truecount="1" falsecount="1"/>
        <line num="238" count="0" type="stmt"/>
        <line num="240" count="1" type="stmt"/>
        <line num="242" count="2" type="stmt"/>
        <line num="245" count="4" type="stmt"/>
        <line num="249" count="4" type="stmt"/>
        <line num="250" count="9" type="stmt"/>
        <line num="251" count="14" type="cond" truecount="2" falsecount="0"/>
        <line num="255" count="7" type="stmt"/>
        <line num="256" count="7" type="cond" truecount="1" falsecount="1"/>
        <line num="257" count="0" type="stmt"/>
        <line num="258" count="7" type="cond" truecount="1" falsecount="1"/>
        <line num="259" count="0" type="stmt"/>
        <line num="264" count="4" type="stmt"/>
        <line num="268" count="0" type="stmt"/>
        <line num="276" count="18" type="stmt"/>
        <line num="279" count="6" type="stmt"/>
        <line num="285" count="6" type="stmt"/>
        <line num="286" count="6" type="stmt"/>
        <line num="289" count="6" type="stmt"/>
        <line num="291" count="6" type="cond" truecount="3" falsecount="0"/>
        <line num="293" count="1" type="stmt"/>
        <line num="294" count="1" type="stmt"/>
        <line num="295" count="1" type="stmt"/>
        <line num="296" count="1" type="stmt"/>
        <line num="297" count="1" type="stmt"/>
        <line num="299" count="2" type="stmt"/>
        <line num="300" count="2" type="stmt"/>
        <line num="301" count="2" type="stmt"/>
        <line num="302" count="2" type="stmt"/>
        <line num="303" count="2" type="stmt"/>
        <line num="305" count="3" type="stmt"/>
        <line num="306" count="3" type="stmt"/>
        <line num="307" count="3" type="stmt"/>
        <line num="310" count="6" type="stmt"/>
        <line num="312" count="6" type="stmt"/>
        <line num="315" count="6" type="cond" truecount="2" falsecount="0"/>
        <line num="318" count="3" type="cond" truecount="2" falsecount="0"/>
        <line num="319" count="1" type="stmt"/>
        <line num="323" count="2" type="stmt"/>
        <line num="328" count="3" type="stmt"/>
        <line num="329" count="3" type="cond" truecount="1" falsecount="1"/>
        <line num="330" count="3" type="stmt"/>
        <line num="333" count="0" type="stmt"/>
        <line num="341" count="3" type="stmt"/>
        <line num="344" count="3" type="cond" truecount="3" falsecount="0"/>
        <line num="346" count="1" type="stmt"/>
        <line num="347" count="1" type="stmt"/>
        <line num="349" count="1" type="stmt"/>
        <line num="350" count="1" type="stmt"/>
        <line num="352" count="1" type="stmt"/>
        <line num="353" count="1" type="stmt"/>
        <line num="356" count="3" type="stmt"/>
        <line num="358" count="3" type="stmt"/>
        <line num="361" count="3" type="cond" truecount="1" falsecount="1"/>
        <line num="364" count="3" type="cond" truecount="2" falsecount="0"/>
        <line num="365" count="1" type="stmt"/>
        <line num="369" count="2" type="stmt"/>
        <line num="372" count="3" type="stmt"/>
        <line num="373" count="0" type="cond" truecount="0" falsecount="2"/>
        <line num="374" count="0" type="stmt"/>
        <line num="377" count="0" type="stmt"/>
        <line num="385" count="1" type="stmt"/>
        <line num="388" count="1" type="stmt"/>
        <line num="391" count="1" type="stmt"/>
        <line num="392" count="1" type="stmt"/>
        <line num="395" count="1" type="cond" truecount="1" falsecount="2"/>
        <line num="397" count="0" type="stmt"/>
        <line num="398" count="0" type="stmt"/>
        <line num="399" count="0" type="stmt"/>
        <line num="401" count="1" type="stmt"/>
        <line num="402" count="1" type="stmt"/>
        <line num="403" count="1" type="stmt"/>
        <line num="405" count="0" type="stmt"/>
        <line num="406" count="0" type="stmt"/>
        <line num="409" count="1" type="stmt"/>
        <line num="411" count="1" type="stmt"/>
        <line num="414" count="1" type="cond" truecount="1" falsecount="1"/>
        <line num="417" count="1" type="cond" truecount="1" falsecount="1"/>
        <line num="418" count="0" type="stmt"/>
        <line num="422" count="1" type="stmt"/>
        <line num="427" count="1" type="stmt"/>
        <line num="428" count="0" type="cond" truecount="0" falsecount="2"/>
        <line num="429" count="0" type="stmt"/>
        <line num="432" count="0" type="stmt"/>
        <line num="438" count="84" type="stmt"/>
        <line num="640" count="2" type="stmt"/>
        <line num="646" count="9" type="stmt"/>
      </file>
    </package>
    <package name="utils">
      <metrics statements="107" coveredstatements="88" conditionals="91" coveredconditionals="69" methods="6" coveredmethods="6"/>
      <file name="helpers.ts" path="/home/usuario/Documentos/dev/js/scrape_plate/scrape-plate-v2/src/action/src/utils/helpers.ts">
        <metrics statements="107" coveredstatements="88" conditionals="91" coveredconditionals="69" methods="6" coveredmethods="6"/>
        <line num="16" count="17" type="cond" truecount="3" falsecount="0"/>
        <line num="20" count="5" type="stmt"/>
        <line num="27" count="5" type="stmt"/>
        <line num="28" count="25" type="cond" truecount="1" falsecount="1"/>
        <line num="29" count="0" type="stmt"/>
        <line num="35" count="5" type="stmt"/>
        <line num="36" count="17" type="cond" truecount="5" falsecount="0"/>
        <line num="39" count="5" type="cond" truecount="2" falsecount="0"/>
        <line num="40" count="1" type="stmt"/>
        <line num="43" count="4" type="cond" truecount="2" falsecount="0"/>
        <line num="44" count="1" type="stmt"/>
        <line num="48" count="3" type="stmt"/>
        <line num="50" count="3" type="cond" truecount="1" falsecount="1"/>
        <line num="51" count="0" type="stmt"/>
        <line num="52" count="3" type="stmt"/>
        <line num="54" count="3" type="cond" truecount="1" falsecount="1"/>
        <line num="55" count="0" type="stmt"/>
        <line num="56" count="3" type="stmt"/>
        <line num="58" count="3" type="cond" truecount="1" falsecount="1"/>
        <line num="59" count="0" type="stmt"/>
        <line num="60" count="3" type="stmt"/>
        <line num="62" count="3" type="cond" truecount="1" falsecount="1"/>
        <line num="63" count="0" type="stmt"/>
        <line num="64" count="3" type="stmt"/>
        <line num="68" count="3" type="stmt"/>
        <line num="72" count="6" type="stmt"/>
        <line num="81" count="6" type="stmt"/>
        <line num="82" count="41" type="cond" truecount="1" falsecount="1"/>
        <line num="83" count="0" type="stmt"/>
        <line num="87" count="6" type="stmt"/>
        <line num="88" count="21" type="cond" truecount="7" falsecount="1"/>
        <line num="90" count="6" type="cond" truecount="2" falsecount="0"/>
        <line num="91" count="1" type="stmt"/>
        <line num="93" count="5" type="cond" truecount="2" falsecount="0"/>
        <line num="94" count="1" type="stmt"/>
        <line num="96" count="4" type="stmt"/>
        <line num="98" count="1" type="cond" truecount="1" falsecount="1"/>
        <line num="99" count="0" type="stmt"/>
        <line num="100" count="1" type="stmt"/>
        <line num="102" count="1" type="cond" truecount="1" falsecount="1"/>
        <line num="103" count="0" type="stmt"/>
        <line num="104" count="1" type="stmt"/>
        <line num="106" count="4" type="cond" truecount="1" falsecount="1"/>
        <line num="107" count="0" type="stmt"/>
        <line num="108" count="4" type="stmt"/>
        <line num="110" count="2" type="cond" truecount="1" falsecount="1"/>
        <line num="111" count="0" type="stmt"/>
        <line num="113" count="2" type="stmt"/>
        <line num="114" count="1" type="cond" truecount="2" falsecount="2"/>
        <line num="115" count="1" type="stmt"/>
        <line num="119" count="1" type="stmt"/>
        <line num="121" count="4" type="cond" truecount="1" falsecount="1"/>
        <line num="122" count="0" type="stmt"/>
        <line num="125" count="4" type="stmt"/>
        <line num="129" count="4" type="cond" truecount="2" falsecount="0"/>
        <line num="130" count="1" type="stmt"/>
        <line num="132" count="3" type="stmt"/>
        <line num="135" count="3" type="cond" truecount="1" falsecount="1"/>
        <line num="136" count="0" type="stmt"/>
        <line num="139" count="3" type="stmt"/>
        <line num="143" count="3" type="stmt"/>
        <line num="144" count="7" type="cond" truecount="2" falsecount="0"/>
        <line num="147" count="3" type="cond" truecount="2" falsecount="0"/>
        <line num="148" count="1" type="stmt"/>
        <line num="149" count="2" type="stmt"/>
        <line num="152" count="0" type="stmt"/>
        <line num="156" count="1" type="stmt"/>
        <line num="160" count="6" type="stmt"/>
        <line num="161" count="6" type="stmt"/>
        <line num="162" count="24" type="cond" truecount="1" falsecount="1"/>
        <line num="163" count="0" type="stmt"/>
        <line num="167" count="6" type="stmt"/>
        <line num="168" count="19" type="cond" truecount="4" falsecount="0"/>
        <line num="170" count="6" type="cond" truecount="2" falsecount="2"/>
        <line num="171" count="0" type="stmt"/>
        <line num="172" count="6" type="cond" truecount="2" falsecount="0"/>
        <line num="173" count="1" type="stmt"/>
        <line num="175" count="5" type="stmt"/>
        <line num="177" count="5" type="cond" truecount="1" falsecount="1"/>
        <line num="178" count="0" type="stmt"/>
        <line num="179" count="5" type="stmt"/>
        <line num="181" count="5" type="cond" truecount="2" falsecount="0"/>
        <line num="182" count="1" type="stmt"/>
        <line num="185" count="4" type="stmt"/>
        <line num="186" count="10" type="cond" truecount="2" falsecount="0"/>
        <line num="187" count="1" type="stmt"/>
        <line num="191" count="3" type="stmt"/>
        <line num="193" count="3" type="cond" truecount="1" falsecount="1"/>
        <line num="194" count="0" type="stmt"/>
        <line num="195" count="3" type="stmt"/>
        <line num="199" count="3" type="stmt"/>
        <line num="209" count="19" type="stmt"/>
        <line num="211" count="19" type="stmt"/>
        <line num="212" count="56" type="cond" truecount="2" falsecount="0"/>
        <line num="213" count="1" type="stmt"/>
        <line num="217" count="18" type="stmt"/>
        <line num="220" count="18" type="stmt"/>
        <line num="221" count="18" type="cond" truecount="3" falsecount="1"/>
        <line num="222" count="0" type="stmt"/>
        <line num="225" count="18" type="stmt"/>
        <line num="226" count="18" type="cond" truecount="4" falsecount="0"/>
        <line num="227" count="1" type="stmt"/>
        <line num="230" count="17" type="stmt"/>
        <line num="238" count="14" type="cond" truecount="2" falsecount="1"/>
        <line num="240" count="13" type="stmt"/>
        <line num="245" count="0" type="stmt"/>
        <line num="253" count="1" type="stmt"/>
      </file>
    </package>
  </project>
</coverage>
