{"/home/usuario/Documentos/dev/js/scrape_plate/scrape-plate-v2/src/action/src/hooks/useContent.ts": {"path":"/home/usuario/Documentos/dev/js/scrape_plate/scrape-plate-v2/src/action/src/hooks/useContent.ts","statementMap":{"0":{"start":{"line":27,"column":33},"end":{"line":27,"column":46}},"1":{"start":{"line":28,"column":22},"end":{"line":28,"column":55}},"2":{"start":{"line":30,"column":4},"end":{"line":36,"column":10}},"3":{"start":{"line":32,"column":8},"end":{"line":32,"column":44}},"4":{"start":{"line":42,"column":4},"end":{"line":45,"column":5}},"5":{"start":{"line":43,"column":8},"end":{"line":43,"column":46}},"6":{"start":{"line":44,"column":8},"end":{"line":44,"column":33}},"7":{"start":{"line":50,"column":4},"end":{"line":50,"column":28}}},"fnMap":{"0":{"name":"useContent","decl":{"start":{"line":24,"column":24},"end":{"line":24,"column":34}},"loc":{"start":{"line":24,"column":37},"end":{"line":51,"column":1}},"line":24},"1":{"name":"(anonymous_1)","decl":{"start":{"line":30,"column":14},"end":{"line":30,"column":15}},"loc":{"start":{"line":30,"column":18},"end":{"line":36,"column":5}},"line":30}},"branchMap":{"0":{"loc":{"start":{"line":42,"column":4},"end":{"line":45,"column":5}},"type":"if","locations":[{"start":{"line":42,"column":4},"end":{"line":45,"column":5}},{"start":{},"end":{}}],"line":42}},"s":{"0":36,"1":36,"2":36,"3":36,"4":36,"5":36,"6":36,"7":0},"f":{"0":36,"1":36},"b":{"0":[36,0]},"_coverageSchema":"1a1c01bbd47fc00a2c39e90264f33305004495a9","hash":"d3d80519e78b86636c35d957ae7f3eb6a23249c8"}
,"/home/usuario/Documentos/dev/js/scrape_plate/scrape-plate-v2/src/action/src/state/events.ts": {"path":"/home/usuario/Documentos/dev/js/scrape_plate/scrape-plate-v2/src/action/src/state/events.ts","statementMap":{"0":{"start":{"line":15,"column":4},"end":{"line":15,"column":22}},"1":{"start":{"line":20,"column":4},"end":{"line":24,"column":5}},"2":{"start":{"line":21,"column":6},"end":{"line":21,"column":31}},"3":{"start":{"line":23,"column":6},"end":{"line":23,"column":47}},"4":{"start":{"line":27,"column":4},"end":{"line":30,"column":6}},"5":{"start":{"line":29,"column":6},"end":{"line":29,"column":33}},"6":{"start":{"line":35,"column":27},"end":{"line":35,"column":46}},"7":{"start":{"line":38,"column":23},"end":{"line":38,"column":55}},"8":{"start":{"line":40,"column":4},"end":{"line":71,"column":7}},"9":{"start":{"line":41,"column":6},"end":{"line":70,"column":7}},"10":{"start":{"line":43,"column":31},"end":{"line":43,"column":35}},"11":{"start":{"line":44,"column":8},"end":{"line":48,"column":9}},"12":{"start":{"line":45,"column":12},"end":{"line":45,"column":69}},"13":{"start":{"line":47,"column":12},"end":{"line":47,"column":21}},"14":{"start":{"line":50,"column":8},"end":{"line":53,"column":9}},"15":{"start":{"line":51,"column":10},"end":{"line":51,"column":36}},"16":{"start":{"line":52,"column":10},"end":{"line":52,"column":17}},"17":{"start":{"line":56,"column":8},"end":{"line":64,"column":9}},"18":{"start":{"line":57,"column":10},"end":{"line":61,"column":13}},"19":{"start":{"line":58,"column":12},"end":{"line":58,"column":28}},"20":{"start":{"line":60,"column":12},"end":{"line":60,"column":25}},"21":{"start":{"line":63,"column":12},"end":{"line":63,"column":38}},"22":{"start":{"line":68,"column":8},"end":{"line":68,"column":22}},"23":{"start":{"line":69,"column":8},"end":{"line":69,"column":15}},"24":{"start":{"line":75,"column":4},"end":{"line":75,"column":24}}},"fnMap":{"0":{"name":"(anonymous_0)","decl":{"start":{"line":14,"column":2},"end":{"line":14,"column":3}},"loc":{"start":{"line":14,"column":16},"end":{"line":16,"column":3}},"line":14},"1":{"name":"(anonymous_1)","decl":{"start":{"line":19,"column":2},"end":{"line":19,"column":3}},"loc":{"start":{"line":19,"column":48},"end":{"line":31,"column":3}},"line":19},"2":{"name":"(anonymous_2)","decl":{"start":{"line":27,"column":11},"end":{"line":27,"column":12}},"loc":{"start":{"line":27,"column":17},"end":{"line":30,"column":5}},"line":27},"3":{"name":"(anonymous_3)","decl":{"start":{"line":34,"column":2},"end":{"line":34,"column":3}},"loc":{"start":{"line":34,"column":54},"end":{"line":72,"column":3}},"line":34},"4":{"name":"(anonymous_4)","decl":{"start":{"line":40,"column":23},"end":{"line":40,"column":24}},"loc":{"start":{"line":40,"column":44},"end":{"line":71,"column":5}},"line":40},"5":{"name":"(anonymous_5)","decl":{"start":{"line":57,"column":32},"end":{"line":57,"column":33}},"loc":{"start":{"line":57,"column":44},"end":{"line":59,"column":11}},"line":57},"6":{"name":"(anonymous_6)","decl":{"start":{"line":59,"column":19},"end":{"line":59,"column":20}},"loc":{"start":{"line":59,"column":28},"end":{"line":61,"column":11}},"line":59},"7":{"name":"(anonymous_7)","decl":{"start":{"line":74,"column":2},"end":{"line":74,"column":3}},"loc":{"start":{"line":74,"column":22},"end":{"line":76,"column":3}},"line":74}},"branchMap":{"0":{"loc":{"start":{"line":20,"column":4},"end":{"line":24,"column":5}},"type":"if","locations":[{"start":{"line":20,"column":4},"end":{"line":24,"column":5}},{"start":{"line":22,"column":11},"end":{"line":24,"column":5}}],"line":20},"1":{"loc":{"start":{"line":41,"column":6},"end":{"line":70,"column":7}},"type":"if","locations":[{"start":{"line":41,"column":6},"end":{"line":70,"column":7}},{"start":{"line":66,"column":13},"end":{"line":70,"column":7}}],"line":41},"2":{"loc":{"start":{"line":50,"column":8},"end":{"line":53,"column":9}},"type":"if","locations":[{"start":{"line":50,"column":8},"end":{"line":53,"column":9}},{"start":{},"end":{}}],"line":50},"3":{"loc":{"start":{"line":56,"column":8},"end":{"line":64,"column":9}},"type":"if","locations":[{"start":{"line":56,"column":8},"end":{"line":64,"column":9}},{"start":{"line":62,"column":15},"end":{"line":64,"column":9}}],"line":56}},"s":{"0":2,"1":16,"2":16,"3":0,"4":16,"5":0,"6":46,"7":46,"8":46,"9":46,"10":46,"11":46,"12":46,"13":14,"14":46,"15":16,"16":16,"17":30,"18":11,"19":8,"20":3,"21":19,"22":0,"23":0,"24":1},"f":{"0":2,"1":16,"2":0,"3":46,"4":46,"5":8,"6":3,"7":1},"b":{"0":[16,0],"1":[46,0],"2":[16,30],"3":[11,19]},"_coverageSchema":"1a1c01bbd47fc00a2c39e90264f33305004495a9","hash":"b7986762703a1ff295fbf95b0b014742048534d3"}
,"/home/usuario/Documentos/dev/js/scrape_plate/scrape-plate-v2/src/action/src/state/state.ts": {"path":"/home/usuario/Documentos/dev/js/scrape_plate/scrape-plate-v2/src/action/src/state/state.ts","statementMap":{"0":{"start":{"line":18,"column":47},"end":{"line":18,"column":65}},"1":{"start":{"line":20,"column":47},"end":{"line":124,"column":3}},"2":{"start":{"line":132,"column":4},"end":{"line":132,"column":80}},"3":{"start":{"line":135,"column":4},"end":{"line":138,"column":6}},"4":{"start":{"line":139,"column":4},"end":{"line":139,"column":78}},"5":{"start":{"line":142,"column":4},"end":{"line":142,"column":77}},"6":{"start":{"line":145,"column":4},"end":{"line":145,"column":75}},"7":{"start":{"line":148,"column":4},"end":{"line":148,"column":75}},"8":{"start":{"line":151,"column":4},"end":{"line":151,"column":75}},"9":{"start":{"line":154,"column":4},"end":{"line":157,"column":6}},"10":{"start":{"line":162,"column":4},"end":{"line":169,"column":7}},"11":{"start":{"line":164,"column":6},"end":{"line":168,"column":7}},"12":{"start":{"line":165,"column":8},"end":{"line":165,"column":47}},"13":{"start":{"line":167,"column":8},"end":{"line":167,"column":19}},"14":{"start":{"line":177,"column":4},"end":{"line":177,"column":41}},"15":{"start":{"line":185,"column":4},"end":{"line":185,"column":47}},"16":{"start":{"line":195,"column":4},"end":{"line":201,"column":5}},"17":{"start":{"line":200,"column":6},"end":{"line":200,"column":75}},"18":{"start":{"line":203,"column":18},"end":{"line":203,"column":20}},"19":{"start":{"line":204,"column":25},"end":{"line":204,"column":32}},"20":{"start":{"line":207,"column":4},"end":{"line":209,"column":5}},"21":{"start":{"line":208,"column":6},"end":{"line":208,"column":51}},"22":{"start":{"line":211,"column":4},"end":{"line":211,"column":30}},"23":{"start":{"line":213,"column":4},"end":{"line":269,"column":5}},"24":{"start":{"line":216,"column":8},"end":{"line":225,"column":11}},"25":{"start":{"line":219,"column":10},"end":{"line":223,"column":11}},"26":{"start":{"line":220,"column":12},"end":{"line":220,"column":24}},"27":{"start":{"line":221,"column":17},"end":{"line":223,"column":11}},"28":{"start":{"line":222,"column":12},"end":{"line":222,"column":24}},"29":{"start":{"line":224,"column":10},"end":{"line":224,"column":23}},"30":{"start":{"line":226,"column":8},"end":{"line":226,"column":23}},"31":{"start":{"line":229,"column":8},"end":{"line":241,"column":11}},"32":{"start":{"line":232,"column":10},"end":{"line":239,"column":11}},"33":{"start":{"line":236,"column":12},"end":{"line":236,"column":24}},"34":{"start":{"line":237,"column":17},"end":{"line":239,"column":11}},"35":{"start":{"line":238,"column":12},"end":{"line":238,"column":24}},"36":{"start":{"line":240,"column":10},"end":{"line":240,"column":23}},"37":{"start":{"line":242,"column":8},"end":{"line":242,"column":23}},"38":{"start":{"line":245,"column":25},"end":{"line":247,"column":9}},"39":{"start":{"line":249,"column":8},"end":{"line":262,"column":9}},"40":{"start":{"line":250,"column":10},"end":{"line":261,"column":13}},"41":{"start":{"line":251,"column":12},"end":{"line":260,"column":13}},"42":{"start":{"line":255,"column":14},"end":{"line":255,"column":36}},"43":{"start":{"line":256,"column":19},"end":{"line":260,"column":13}},"44":{"start":{"line":257,"column":14},"end":{"line":257,"column":36}},"45":{"start":{"line":258,"column":19},"end":{"line":260,"column":13}},"46":{"start":{"line":259,"column":14},"end":{"line":259,"column":36}},"47":{"start":{"line":264,"column":8},"end":{"line":264,"column":23}},"48":{"start":{"line":268,"column":8},"end":{"line":268,"column":20}},"49":{"start":{"line":276,"column":4},"end":{"line":276,"column":33}},"50":{"start":{"line":279,"column":27},"end":{"line":279,"column":62}},"51":{"start":{"line":285,"column":24},"end":{"line":285,"column":34}},"52":{"start":{"line":286,"column":14},"end":{"line":286,"column":39}},"53":{"start":{"line":289,"column":15},"end":{"line":289,"column":34}},"54":{"start":{"line":291,"column":4},"end":{"line":308,"column":5}},"55":{"start":{"line":293,"column":8},"end":{"line":293,"column":30}},"56":{"start":{"line":294,"column":8},"end":{"line":294,"column":38}},"57":{"start":{"line":295,"column":8},"end":{"line":295,"column":37}},"58":{"start":{"line":296,"column":8},"end":{"line":296,"column":29}},"59":{"start":{"line":297,"column":8},"end":{"line":297,"column":14}},"60":{"start":{"line":299,"column":8},"end":{"line":299,"column":30}},"61":{"start":{"line":300,"column":8},"end":{"line":300,"column":38}},"62":{"start":{"line":301,"column":8},"end":{"line":301,"column":37}},"63":{"start":{"line":302,"column":8},"end":{"line":302,"column":29}},"64":{"start":{"line":303,"column":8},"end":{"line":303,"column":14}},"65":{"start":{"line":305,"column":8},"end":{"line":305,"column":29}},"66":{"start":{"line":306,"column":8},"end":{"line":306,"column":29}},"67":{"start":{"line":307,"column":8},"end":{"line":307,"column":14}},"68":{"start":{"line":310,"column":4},"end":{"line":334,"column":7}},"69":{"start":{"line":312,"column":6},"end":{"line":333,"column":41}},"70":{"start":{"line":315,"column":10},"end":{"line":331,"column":11}},"71":{"start":{"line":318,"column":12},"end":{"line":325,"column":13}},"72":{"start":{"line":319,"column":14},"end":{"line":321,"column":57}},"73":{"start":{"line":323,"column":14},"end":{"line":324,"column":29}},"74":{"start":{"line":328,"column":12},"end":{"line":328,"column":30}},"75":{"start":{"line":329,"column":17},"end":{"line":331,"column":11}},"76":{"start":{"line":330,"column":12},"end":{"line":330,"column":29}},"77":{"start":{"line":333,"column":26},"end":{"line":333,"column":39}},"78":{"start":{"line":341,"column":27},"end":{"line":341,"column":62}},"79":{"start":{"line":344,"column":4},"end":{"line":354,"column":5}},"80":{"start":{"line":346,"column":8},"end":{"line":346,"column":30}},"81":{"start":{"line":347,"column":8},"end":{"line":347,"column":14}},"82":{"start":{"line":349,"column":8},"end":{"line":349,"column":30}},"83":{"start":{"line":350,"column":8},"end":{"line":350,"column":14}},"84":{"start":{"line":352,"column":8},"end":{"line":352,"column":29}},"85":{"start":{"line":353,"column":8},"end":{"line":353,"column":14}},"86":{"start":{"line":356,"column":4},"end":{"line":378,"column":7}},"87":{"start":{"line":358,"column":6},"end":{"line":377,"column":41}},"88":{"start":{"line":361,"column":10},"end":{"line":375,"column":11}},"89":{"start":{"line":364,"column":12},"end":{"line":370,"column":13}},"90":{"start":{"line":365,"column":14},"end":{"line":367,"column":42}},"91":{"start":{"line":369,"column":14},"end":{"line":369,"column":75}},"92":{"start":{"line":372,"column":12},"end":{"line":372,"column":30}},"93":{"start":{"line":373,"column":17},"end":{"line":375,"column":11}},"94":{"start":{"line":374,"column":12},"end":{"line":374,"column":29}},"95":{"start":{"line":377,"column":26},"end":{"line":377,"column":39}},"96":{"start":{"line":385,"column":4},"end":{"line":385,"column":33}},"97":{"start":{"line":388,"column":27},"end":{"line":388,"column":62}},"98":{"start":{"line":391,"column":24},"end":{"line":391,"column":34}},"99":{"start":{"line":392,"column":14},"end":{"line":392,"column":39}},"100":{"start":{"line":395,"column":4},"end":{"line":407,"column":5}},"101":{"start":{"line":397,"column":8},"end":{"line":397,"column":30}},"102":{"start":{"line":398,"column":8},"end":{"line":398,"column":37}},"103":{"start":{"line":399,"column":8},"end":{"line":399,"column":14}},"104":{"start":{"line":401,"column":8},"end":{"line":401,"column":30}},"105":{"start":{"line":402,"column":8},"end":{"line":402,"column":37}},"106":{"start":{"line":403,"column":8},"end":{"line":403,"column":14}},"107":{"start":{"line":405,"column":8},"end":{"line":405,"column":29}},"108":{"start":{"line":406,"column":8},"end":{"line":406,"column":14}},"109":{"start":{"line":409,"column":4},"end":{"line":433,"column":7}},"110":{"start":{"line":411,"column":6},"end":{"line":432,"column":41}},"111":{"start":{"line":414,"column":10},"end":{"line":430,"column":11}},"112":{"start":{"line":417,"column":12},"end":{"line":424,"column":13}},"113":{"start":{"line":418,"column":14},"end":{"line":420,"column":57}},"114":{"start":{"line":422,"column":14},"end":{"line":423,"column":29}},"115":{"start":{"line":427,"column":12},"end":{"line":427,"column":30}},"116":{"start":{"line":428,"column":17},"end":{"line":430,"column":11}},"117":{"start":{"line":429,"column":12},"end":{"line":429,"column":29}},"118":{"start":{"line":432,"column":26},"end":{"line":432,"column":39}},"119":{"start":{"line":438,"column":4},"end":{"line":438,"column":37}},"120":{"start":{"line":640,"column":4},"end":{"line":642,"column":6}},"121":{"start":{"line":646,"column":4},"end":{"line":646,"column":33}}},"fnMap":{"0":{"name":"(anonymous_0)","decl":{"start":{"line":126,"column":2},"end":{"line":126,"column":3}},"loc":{"start":{"line":126,"column":16},"end":{"line":158,"column":3}},"line":126},"1":{"name":"(anonymous_1)","decl":{"start":{"line":161,"column":2},"end":{"line":161,"column":3}},"loc":{"start":{"line":161,"column":70},"end":{"line":170,"column":3}},"line":161},"2":{"name":"(anonymous_2)","decl":{"start":{"line":162,"column":23},"end":{"line":162,"column":24}},"loc":{"start":{"line":162,"column":44},"end":{"line":169,"column":5}},"line":162},"3":{"name":"(anonymous_3)","decl":{"start":{"line":176,"column":2},"end":{"line":176,"column":3}},"loc":{"start":{"line":176,"column":56},"end":{"line":178,"column":3}},"line":176},"4":{"name":"(anonymous_4)","decl":{"start":{"line":184,"column":2},"end":{"line":184,"column":3}},"loc":{"start":{"line":184,"column":68},"end":{"line":186,"column":3}},"line":184},"5":{"name":"(anonymous_5)","decl":{"start":{"line":193,"column":2},"end":{"line":193,"column":3}},"loc":{"start":{"line":193,"column":60},"end":{"line":270,"column":3}},"line":193},"6":{"name":"(anonymous_6)","decl":{"start":{"line":218,"column":17},"end":{"line":218,"column":18}},"loc":{"start":{"line":218,"column":30},"end":{"line":225,"column":9}},"line":218},"7":{"name":"(anonymous_7)","decl":{"start":{"line":231,"column":17},"end":{"line":231,"column":18}},"loc":{"start":{"line":231,"column":29},"end":{"line":241,"column":9}},"line":231},"8":{"name":"(anonymous_8)","decl":{"start":{"line":250,"column":50},"end":{"line":250,"column":51}},"loc":{"start":{"line":250,"column":63},"end":{"line":261,"column":11}},"line":250},"9":{"name":"(anonymous_9)","decl":{"start":{"line":272,"column":2},"end":{"line":272,"column":3}},"loc":{"start":{"line":274,"column":31},"end":{"line":335,"column":3}},"line":274},"10":{"name":"(anonymous_10)","decl":{"start":{"line":310,"column":23},"end":{"line":310,"column":24}},"loc":{"start":{"line":310,"column":44},"end":{"line":334,"column":5}},"line":310},"11":{"name":"(anonymous_11)","decl":{"start":{"line":314,"column":14},"end":{"line":314,"column":15}},"loc":{"start":{"line":314,"column":46},"end":{"line":332,"column":9}},"line":314},"12":{"name":"(anonymous_12)","decl":{"start":{"line":333,"column":15},"end":{"line":333,"column":16}},"loc":{"start":{"line":333,"column":26},"end":{"line":333,"column":39}},"line":333},"13":{"name":"(anonymous_13)","decl":{"start":{"line":337,"column":2},"end":{"line":337,"column":3}},"loc":{"start":{"line":339,"column":31},"end":{"line":379,"column":3}},"line":339},"14":{"name":"(anonymous_14)","decl":{"start":{"line":356,"column":23},"end":{"line":356,"column":24}},"loc":{"start":{"line":356,"column":44},"end":{"line":378,"column":5}},"line":356},"15":{"name":"(anonymous_15)","decl":{"start":{"line":360,"column":14},"end":{"line":360,"column":15}},"loc":{"start":{"line":360,"column":46},"end":{"line":376,"column":9}},"line":360},"16":{"name":"(anonymous_16)","decl":{"start":{"line":377,"column":15},"end":{"line":377,"column":16}},"loc":{"start":{"line":377,"column":26},"end":{"line":377,"column":39}},"line":377},"17":{"name":"(anonymous_17)","decl":{"start":{"line":381,"column":2},"end":{"line":381,"column":3}},"loc":{"start":{"line":383,"column":31},"end":{"line":434,"column":3}},"line":383},"18":{"name":"(anonymous_18)","decl":{"start":{"line":409,"column":23},"end":{"line":409,"column":24}},"loc":{"start":{"line":409,"column":44},"end":{"line":433,"column":5}},"line":409},"19":{"name":"(anonymous_19)","decl":{"start":{"line":413,"column":14},"end":{"line":413,"column":15}},"loc":{"start":{"line":413,"column":46},"end":{"line":431,"column":9}},"line":413},"20":{"name":"(anonymous_20)","decl":{"start":{"line":432,"column":15},"end":{"line":432,"column":16}},"loc":{"start":{"line":432,"column":26},"end":{"line":432,"column":39}},"line":432},"21":{"name":"(anonymous_21)","decl":{"start":{"line":437,"column":2},"end":{"line":437,"column":3}},"loc":{"start":{"line":437,"column":22},"end":{"line":439,"column":3}},"line":437},"22":{"name":"(anonymous_22)","decl":{"start":{"line":639,"column":2},"end":{"line":639,"column":3}},"loc":{"start":{"line":639,"column":32},"end":{"line":643,"column":3}},"line":639},"23":{"name":"(anonymous_23)","decl":{"start":{"line":645,"column":2},"end":{"line":645,"column":3}},"loc":{"start":{"line":645,"column":24},"end":{"line":647,"column":3}},"line":645}},"branchMap":{"0":{"loc":{"start":{"line":195,"column":4},"end":{"line":201,"column":5}},"type":"if","locations":[{"start":{"line":195,"column":4},"end":{"line":201,"column":5}},{"start":{},"end":{}}],"line":195},"1":{"loc":{"start":{"line":196,"column":6},"end":{"line":198,"column":44}},"type":"binary-expr","locations":[{"start":{"line":196,"column":6},"end":{"line":196,"column":14}},{"start":{"line":197,"column":6},"end":{"line":197,"column":44}},{"start":{"line":198,"column":6},"end":{"line":198,"column":44}}],"line":196},"2":{"loc":{"start":{"line":207,"column":4},"end":{"line":209,"column":5}},"type":"if","locations":[{"start":{"line":207,"column":4},"end":{"line":209,"column":5}},{"start":{},"end":{}}],"line":207},"3":{"loc":{"start":{"line":213,"column":4},"end":{"line":269,"column":5}},"type":"switch","locations":[{"start":{"line":214,"column":6},"end":{"line":226,"column":23}},{"start":{"line":227,"column":6},"end":{"line":242,"column":23}},{"start":{"line":243,"column":6},"end":{"line":265,"column":7}},{"start":{"line":267,"column":6},"end":{"line":268,"column":20}}],"line":213},"4":{"loc":{"start":{"line":219,"column":10},"end":{"line":223,"column":11}},"type":"if","locations":[{"start":{"line":219,"column":10},"end":{"line":223,"column":11}},{"start":{"line":221,"column":17},"end":{"line":223,"column":11}}],"line":219},"5":{"loc":{"start":{"line":221,"column":17},"end":{"line":223,"column":11}},"type":"if","locations":[{"start":{"line":221,"column":17},"end":{"line":223,"column":11}},{"start":{},"end":{}}],"line":221},"6":{"loc":{"start":{"line":232,"column":10},"end":{"line":239,"column":11}},"type":"if","locations":[{"start":{"line":232,"column":10},"end":{"line":239,"column":11}},{"start":{"line":237,"column":17},"end":{"line":239,"column":11}}],"line":232},"7":{"loc":{"start":{"line":233,"column":12},"end":{"line":234,"column":66}},"type":"binary-expr","locations":[{"start":{"line":233,"column":12},"end":{"line":233,"column":23}},{"start":{"line":234,"column":12},"end":{"line":234,"column":66}}],"line":233},"8":{"loc":{"start":{"line":237,"column":17},"end":{"line":239,"column":11}},"type":"if","locations":[{"start":{"line":237,"column":17},"end":{"line":239,"column":11}},{"start":{},"end":{}}],"line":237},"9":{"loc":{"start":{"line":251,"column":12},"end":{"line":260,"column":13}},"type":"if","locations":[{"start":{"line":251,"column":12},"end":{"line":260,"column":13}},{"start":{"line":256,"column":19},"end":{"line":260,"column":13}}],"line":251},"10":{"loc":{"start":{"line":252,"column":14},"end":{"line":253,"column":69}},"type":"binary-expr","locations":[{"start":{"line":252,"column":14},"end":{"line":252,"column":26}},{"start":{"line":253,"column":14},"end":{"line":253,"column":69}}],"line":252},"11":{"loc":{"start":{"line":256,"column":19},"end":{"line":260,"column":13}},"type":"if","locations":[{"start":{"line":256,"column":19},"end":{"line":260,"column":13}},{"start":{"line":258,"column":19},"end":{"line":260,"column":13}}],"line":256},"12":{"loc":{"start":{"line":258,"column":19},"end":{"line":260,"column":13}},"type":"if","locations":[{"start":{"line":258,"column":19},"end":{"line":260,"column":13}},{"start":{},"end":{}}],"line":258},"13":{"loc":{"start":{"line":291,"column":4},"end":{"line":308,"column":5}},"type":"switch","locations":[{"start":{"line":292,"column":6},"end":{"line":297,"column":14}},{"start":{"line":298,"column":6},"end":{"line":303,"column":14}},{"start":{"line":304,"column":6},"end":{"line":307,"column":14}}],"line":291},"14":{"loc":{"start":{"line":315,"column":10},"end":{"line":331,"column":11}},"type":"if","locations":[{"start":{"line":315,"column":10},"end":{"line":331,"column":11}},{"start":{"line":329,"column":17},"end":{"line":331,"column":11}}],"line":315},"15":{"loc":{"start":{"line":318,"column":12},"end":{"line":325,"column":13}},"type":"if","locations":[{"start":{"line":318,"column":12},"end":{"line":325,"column":13}},{"start":{"line":322,"column":19},"end":{"line":325,"column":13}}],"line":318},"16":{"loc":{"start":{"line":329,"column":17},"end":{"line":331,"column":11}},"type":"if","locations":[{"start":{"line":329,"column":17},"end":{"line":331,"column":11}},{"start":{},"end":{}}],"line":329},"17":{"loc":{"start":{"line":344,"column":4},"end":{"line":354,"column":5}},"type":"switch","locations":[{"start":{"line":345,"column":6},"end":{"line":347,"column":14}},{"start":{"line":348,"column":6},"end":{"line":350,"column":14}},{"start":{"line":351,"column":6},"end":{"line":353,"column":14}}],"line":344},"18":{"loc":{"start":{"line":361,"column":10},"end":{"line":375,"column":11}},"type":"if","locations":[{"start":{"line":361,"column":10},"end":{"line":375,"column":11}},{"start":{"line":373,"column":17},"end":{"line":375,"column":11}}],"line":361},"19":{"loc":{"start":{"line":364,"column":12},"end":{"line":370,"column":13}},"type":"if","locations":[{"start":{"line":364,"column":12},"end":{"line":370,"column":13}},{"start":{"line":368,"column":19},"end":{"line":370,"column":13}}],"line":364},"20":{"loc":{"start":{"line":373,"column":17},"end":{"line":375,"column":11}},"type":"if","locations":[{"start":{"line":373,"column":17},"end":{"line":375,"column":11}},{"start":{},"end":{}}],"line":373},"21":{"loc":{"start":{"line":395,"column":4},"end":{"line":407,"column":5}},"type":"switch","locations":[{"start":{"line":396,"column":6},"end":{"line":399,"column":14}},{"start":{"line":400,"column":6},"end":{"line":403,"column":14}},{"start":{"line":404,"column":6},"end":{"line":406,"column":14}}],"line":395},"22":{"loc":{"start":{"line":414,"column":10},"end":{"line":430,"column":11}},"type":"if","locations":[{"start":{"line":414,"column":10},"end":{"line":430,"column":11}},{"start":{"line":428,"column":17},"end":{"line":430,"column":11}}],"line":414},"23":{"loc":{"start":{"line":417,"column":12},"end":{"line":424,"column":13}},"type":"if","locations":[{"start":{"line":417,"column":12},"end":{"line":424,"column":13}},{"start":{"line":421,"column":19},"end":{"line":424,"column":13}}],"line":417},"24":{"loc":{"start":{"line":428,"column":17},"end":{"line":430,"column":11}},"type":"if","locations":[{"start":{"line":428,"column":17},"end":{"line":430,"column":11}},{"start":{},"end":{}}],"line":428}},"s":{"0":2,"1":2,"2":2,"3":2,"4":2,"5":2,"6":2,"7":2,"8":2,"9":2,"10":1,"11":1,"12":1,"13":0,"14":1,"15":8,"16":12,"17":1,"18":11,"19":11,"20":11,"21":1,"22":10,"23":10,"24":4,"25":8,"26":4,"27":4,"28":0,"29":4,"30":4,"31":2,"32":4,"33":3,"34":1,"35":0,"36":1,"37":2,"38":4,"39":4,"40":9,"41":14,"42":7,"43":7,"44":0,"45":7,"46":0,"47":4,"48":0,"49":18,"50":6,"51":6,"52":6,"53":6,"54":6,"55":1,"56":1,"57":1,"58":1,"59":1,"60":2,"61":2,"62":2,"63":2,"64":2,"65":3,"66":3,"67":3,"68":6,"69":6,"70":6,"71":3,"72":1,"73":2,"74":3,"75":3,"76":3,"77":0,"78":3,"79":3,"80":1,"81":1,"82":1,"83":1,"84":1,"85":1,"86":3,"87":3,"88":3,"89":3,"90":1,"91":2,"92":3,"93":0,"94":0,"95":0,"96":1,"97":1,"98":1,"99":1,"100":1,"101":0,"102":0,"103":0,"104":1,"105":1,"106":1,"107":0,"108":0,"109":1,"110":1,"111":1,"112":1,"113":0,"114":1,"115":1,"116":0,"117":0,"118":0,"119":84,"120":2,"121":9},"f":{"0":2,"1":1,"2":1,"3":1,"4":8,"5":12,"6":8,"7":4,"8":14,"9":18,"10":6,"11":6,"12":0,"13":3,"14":3,"15":3,"16":0,"17":1,"18":1,"19":1,"20":0,"21":84,"22":2,"23":9},"b":{"0":[1,11],"1":[12,11,11],"2":[1,10],"3":[4,2,4,0],"4":[4,4],"5":[0,4],"6":[3,1],"7":[4,4],"8":[0,1],"9":[7,7],"10":[14,14],"11":[0,7],"12":[0,7],"13":[1,2,3],"14":[3,3],"15":[1,2],"16":[3,0],"17":[1,1,1],"18":[3,0],"19":[1,2],"20":[0,0],"21":[0,1,0],"22":[1,0],"23":[0,1],"24":[0,0]},"_coverageSchema":"1a1c01bbd47fc00a2c39e90264f33305004495a9","hash":"ef5226856e3ec1f17407266bddb6c0543ed2b85c"}
,"/home/usuario/Documentos/dev/js/scrape_plate/scrape-plate-v2/src/action/src/utils/helpers.ts": {"path":"/home/usuario/Documentos/dev/js/scrape_plate/scrape-plate-v2/src/action/src/utils/helpers.ts","statementMap":{"0":{"start":{"line":16,"column":2},"end":{"line":200,"column":3}},"1":{"start":{"line":20,"column":33},"end":{"line":26,"column":9}},"2":{"start":{"line":27,"column":8},"end":{"line":32,"column":9}},"3":{"start":{"line":28,"column":10},"end":{"line":31,"column":14}},"4":{"start":{"line":29,"column":12},"end":{"line":31,"column":14}},"5":{"start":{"line":35,"column":8},"end":{"line":66,"column":9}},"6":{"start":{"line":36,"column":10},"end":{"line":65,"column":11}},"7":{"start":{"line":39,"column":16},"end":{"line":40,"column":67}},"8":{"start":{"line":40,"column":18},"end":{"line":40,"column":67}},"9":{"start":{"line":43,"column":16},"end":{"line":46,"column":20}},"10":{"start":{"line":44,"column":18},"end":{"line":46,"column":20}},"11":{"start":{"line":48,"column":14},"end":{"line":48,"column":20}},"12":{"start":{"line":50,"column":14},"end":{"line":51,"column":72}},"13":{"start":{"line":51,"column":16},"end":{"line":51,"column":72}},"14":{"start":{"line":52,"column":14},"end":{"line":52,"column":20}},"15":{"start":{"line":54,"column":14},"end":{"line":55,"column":73}},"16":{"start":{"line":55,"column":16},"end":{"line":55,"column":73}},"17":{"start":{"line":56,"column":14},"end":{"line":56,"column":20}},"18":{"start":{"line":58,"column":14},"end":{"line":59,"column":63}},"19":{"start":{"line":59,"column":16},"end":{"line":59,"column":63}},"20":{"start":{"line":60,"column":14},"end":{"line":60,"column":20}},"21":{"start":{"line":62,"column":14},"end":{"line":63,"column":62}},"22":{"start":{"line":63,"column":16},"end":{"line":63,"column":62}},"23":{"start":{"line":64,"column":14},"end":{"line":64,"column":20}},"24":{"start":{"line":68,"column":6},"end":{"line":68,"column":12}},"25":{"start":{"line":72,"column":28},"end":{"line":80,"column":9}},"26":{"start":{"line":81,"column":8},"end":{"line":84,"column":9}},"27":{"start":{"line":82,"column":10},"end":{"line":83,"column":78}},"28":{"start":{"line":83,"column":12},"end":{"line":83,"column":78}},"29":{"start":{"line":87,"column":8},"end":{"line":154,"column":9}},"30":{"start":{"line":88,"column":10},"end":{"line":153,"column":11}},"31":{"start":{"line":90,"column":14},"end":{"line":91,"column":66}},"32":{"start":{"line":91,"column":16},"end":{"line":91,"column":66}},"33":{"start":{"line":93,"column":14},"end":{"line":94,"column":80}},"34":{"start":{"line":94,"column":16},"end":{"line":94,"column":80}},"35":{"start":{"line":96,"column":14},"end":{"line":96,"column":20}},"36":{"start":{"line":98,"column":14},"end":{"line":99,"column":73}},"37":{"start":{"line":99,"column":16},"end":{"line":99,"column":73}},"38":{"start":{"line":100,"column":14},"end":{"line":100,"column":20}},"39":{"start":{"line":102,"column":14},"end":{"line":103,"column":74}},"40":{"start":{"line":103,"column":16},"end":{"line":103,"column":74}},"41":{"start":{"line":104,"column":14},"end":{"line":104,"column":20}},"42":{"start":{"line":106,"column":14},"end":{"line":107,"column":63}},"43":{"start":{"line":107,"column":16},"end":{"line":107,"column":63}},"44":{"start":{"line":108,"column":14},"end":{"line":108,"column":20}},"45":{"start":{"line":110,"column":14},"end":{"line":111,"column":62}},"46":{"start":{"line":111,"column":16},"end":{"line":111,"column":62}},"47":{"start":{"line":113,"column":14},"end":{"line":118,"column":17}},"48":{"start":{"line":114,"column":16},"end":{"line":117,"column":20}},"49":{"start":{"line":115,"column":18},"end":{"line":117,"column":20}},"50":{"start":{"line":119,"column":14},"end":{"line":119,"column":20}},"51":{"start":{"line":121,"column":14},"end":{"line":122,"column":72}},"52":{"start":{"line":122,"column":16},"end":{"line":122,"column":72}},"53":{"start":{"line":125,"column":35},"end":{"line":127,"column":15}},"54":{"start":{"line":129,"column":14},"end":{"line":131,"column":15}},"55":{"start":{"line":130,"column":16},"end":{"line":130,"column":68}},"56":{"start":{"line":132,"column":14},"end":{"line":132,"column":20}},"57":{"start":{"line":135,"column":14},"end":{"line":136,"column":73}},"58":{"start":{"line":136,"column":16},"end":{"line":136,"column":73}},"59":{"start":{"line":139,"column":35},"end":{"line":141,"column":22}},"60":{"start":{"line":143,"column":30},"end":{"line":145,"column":16}},"61":{"start":{"line":144,"column":16},"end":{"line":144,"column":54}},"62":{"start":{"line":144,"column":42},"end":{"line":144,"column":54}},"63":{"start":{"line":147,"column":14},"end":{"line":148,"column":69}},"64":{"start":{"line":148,"column":16},"end":{"line":148,"column":69}},"65":{"start":{"line":149,"column":14},"end":{"line":149,"column":20}},"66":{"start":{"line":152,"column":14},"end":{"line":152,"column":20}},"67":{"start":{"line":156,"column":6},"end":{"line":156,"column":12}},"68":{"start":{"line":160,"column":27},"end":{"line":160,"column":64}},"69":{"start":{"line":161,"column":8},"end":{"line":164,"column":9}},"70":{"start":{"line":162,"column":10},"end":{"line":163,"column":77}},"71":{"start":{"line":163,"column":12},"end":{"line":163,"column":77}},"72":{"start":{"line":167,"column":8},"end":{"line":197,"column":9}},"73":{"start":{"line":168,"column":10},"end":{"line":196,"column":11}},"74":{"start":{"line":170,"column":14},"end":{"line":171,"column":79}},"75":{"start":{"line":171,"column":16},"end":{"line":171,"column":79}},"76":{"start":{"line":172,"column":14},"end":{"line":173,"column":79}},"77":{"start":{"line":173,"column":16},"end":{"line":173,"column":79}},"78":{"start":{"line":175,"column":14},"end":{"line":175,"column":20}},"79":{"start":{"line":177,"column":14},"end":{"line":178,"column":62}},"80":{"start":{"line":178,"column":16},"end":{"line":178,"column":62}},"81":{"start":{"line":179,"column":14},"end":{"line":179,"column":20}},"82":{"start":{"line":181,"column":14},"end":{"line":182,"column":60}},"83":{"start":{"line":182,"column":16},"end":{"line":182,"column":60}},"84":{"start":{"line":185,"column":14},"end":{"line":190,"column":17}},"85":{"start":{"line":186,"column":16},"end":{"line":189,"column":20}},"86":{"start":{"line":187,"column":18},"end":{"line":189,"column":20}},"87":{"start":{"line":191,"column":14},"end":{"line":191,"column":20}},"88":{"start":{"line":193,"column":14},"end":{"line":194,"column":69}},"89":{"start":{"line":194,"column":16},"end":{"line":194,"column":69}},"90":{"start":{"line":195,"column":14},"end":{"line":195,"column":20}},"91":{"start":{"line":199,"column":6},"end":{"line":199,"column":12}},"92":{"start":{"line":209,"column":15},"end":{"line":209,"column":41}},"93":{"start":{"line":211,"column":2},"end":{"line":214,"column":3}},"94":{"start":{"line":212,"column":4},"end":{"line":213,"column":62}},"95":{"start":{"line":213,"column":6},"end":{"line":213,"column":62}},"96":{"start":{"line":217,"column":33},"end":{"line":217,"column":40}},"97":{"start":{"line":220,"column":20},"end":{"line":220,"column":52}},"98":{"start":{"line":221,"column":2},"end":{"line":222,"column":68}},"99":{"start":{"line":222,"column":4},"end":{"line":222,"column":68}},"100":{"start":{"line":225,"column":18},"end":{"line":225,"column":56}},"101":{"start":{"line":226,"column":2},"end":{"line":227,"column":65}},"102":{"start":{"line":227,"column":4},"end":{"line":227,"column":65}},"103":{"start":{"line":230,"column":2},"end":{"line":230,"column":27}},"104":{"start":{"line":238,"column":2},"end":{"line":254,"column":3}},"105":{"start":{"line":240,"column":6},"end":{"line":243,"column":8}},"106":{"start":{"line":245,"column":6},"end":{"line":251,"column":8}},"107":{"start":{"line":253,"column":6},"end":{"line":253,"column":78}}},"fnMap":{"0":{"name":"validateData","decl":{"start":{"line":12,"column":16},"end":{"line":12,"column":28}},"loc":{"start":{"line":15,"column":2},"end":{"line":201,"column":1}},"line":15},"1":{"name":"(anonymous_1)","decl":{"start":{"line":113,"column":43},"end":{"line":113,"column":44}},"loc":{"start":{"line":113,"column":73},"end":{"line":118,"column":15}},"line":113},"2":{"name":"(anonymous_2)","decl":{"start":{"line":143,"column":48},"end":{"line":143,"column":49}},"loc":{"start":{"line":143,"column":61},"end":{"line":145,"column":15}},"line":143},"3":{"name":"(anonymous_3)","decl":{"start":{"line":185,"column":41},"end":{"line":185,"column":42}},"loc":{"start":{"line":185,"column":56},"end":{"line":190,"column":15}},"line":185},"4":{"name":"validateCRUDOptions","decl":{"start":{"line":207,"column":16},"end":{"line":207,"column":35}},"loc":{"start":{"line":207,"column":68},"end":{"line":231,"column":1}},"line":207},"5":{"name":"messageFactory","decl":{"start":{"line":234,"column":16},"end":{"line":234,"column":30}},"loc":{"start":{"line":237,"column":19},"end":{"line":255,"column":1}},"line":237}},"branchMap":{"0":{"loc":{"start":{"line":16,"column":2},"end":{"line":200,"column":3}},"type":"switch","locations":[{"start":{"line":17,"column":4},"end":{"line":68,"column":12}},{"start":{"line":69,"column":4},"end":{"line":156,"column":12}},{"start":{"line":157,"column":4},"end":{"line":199,"column":12}}],"line":16},"1":{"loc":{"start":{"line":28,"column":10},"end":{"line":31,"column":14}},"type":"if","locations":[{"start":{"line":28,"column":10},"end":{"line":31,"column":14}},{"start":{},"end":{}}],"line":28},"2":{"loc":{"start":{"line":36,"column":10},"end":{"line":65,"column":11}},"type":"switch","locations":[{"start":{"line":37,"column":12},"end":{"line":48,"column":20}},{"start":{"line":49,"column":12},"end":{"line":52,"column":20}},{"start":{"line":53,"column":12},"end":{"line":56,"column":20}},{"start":{"line":57,"column":12},"end":{"line":60,"column":20}},{"start":{"line":61,"column":12},"end":{"line":64,"column":20}}],"line":36},"3":{"loc":{"start":{"line":39,"column":16},"end":{"line":40,"column":67}},"type":"if","locations":[{"start":{"line":39,"column":16},"end":{"line":40,"column":67}},{"start":{},"end":{}}],"line":39},"4":{"loc":{"start":{"line":43,"column":16},"end":{"line":46,"column":20}},"type":"if","locations":[{"start":{"line":43,"column":16},"end":{"line":46,"column":20}},{"start":{},"end":{}}],"line":43},"5":{"loc":{"start":{"line":50,"column":14},"end":{"line":51,"column":72}},"type":"if","locations":[{"start":{"line":50,"column":14},"end":{"line":51,"column":72}},{"start":{},"end":{}}],"line":50},"6":{"loc":{"start":{"line":54,"column":14},"end":{"line":55,"column":73}},"type":"if","locations":[{"start":{"line":54,"column":14},"end":{"line":55,"column":73}},{"start":{},"end":{}}],"line":54},"7":{"loc":{"start":{"line":58,"column":14},"end":{"line":59,"column":63}},"type":"if","locations":[{"start":{"line":58,"column":14},"end":{"line":59,"column":63}},{"start":{},"end":{}}],"line":58},"8":{"loc":{"start":{"line":62,"column":14},"end":{"line":63,"column":62}},"type":"if","locations":[{"start":{"line":62,"column":14},"end":{"line":63,"column":62}},{"start":{},"end":{}}],"line":62},"9":{"loc":{"start":{"line":82,"column":10},"end":{"line":83,"column":78}},"type":"if","locations":[{"start":{"line":82,"column":10},"end":{"line":83,"column":78}},{"start":{},"end":{}}],"line":82},"10":{"loc":{"start":{"line":88,"column":10},"end":{"line":153,"column":11}},"type":"switch","locations":[{"start":{"line":89,"column":12},"end":{"line":96,"column":20}},{"start":{"line":97,"column":12},"end":{"line":100,"column":20}},{"start":{"line":101,"column":12},"end":{"line":104,"column":20}},{"start":{"line":105,"column":12},"end":{"line":108,"column":20}},{"start":{"line":109,"column":12},"end":{"line":119,"column":20}},{"start":{"line":120,"column":12},"end":{"line":133,"column":13}},{"start":{"line":134,"column":12},"end":{"line":150,"column":13}},{"start":{"line":151,"column":12},"end":{"line":152,"column":20}}],"line":88},"11":{"loc":{"start":{"line":90,"column":14},"end":{"line":91,"column":66}},"type":"if","locations":[{"start":{"line":90,"column":14},"end":{"line":91,"column":66}},{"start":{},"end":{}}],"line":90},"12":{"loc":{"start":{"line":93,"column":14},"end":{"line":94,"column":80}},"type":"if","locations":[{"start":{"line":93,"column":14},"end":{"line":94,"column":80}},{"start":{},"end":{}}],"line":93},"13":{"loc":{"start":{"line":98,"column":14},"end":{"line":99,"column":73}},"type":"if","locations":[{"start":{"line":98,"column":14},"end":{"line":99,"column":73}},{"start":{},"end":{}}],"line":98},"14":{"loc":{"start":{"line":102,"column":14},"end":{"line":103,"column":74}},"type":"if","locations":[{"start":{"line":102,"column":14},"end":{"line":103,"column":74}},{"start":{},"end":{}}],"line":102},"15":{"loc":{"start":{"line":106,"column":14},"end":{"line":107,"column":63}},"type":"if","locations":[{"start":{"line":106,"column":14},"end":{"line":107,"column":63}},{"start":{},"end":{}}],"line":106},"16":{"loc":{"start":{"line":110,"column":14},"end":{"line":111,"column":62}},"type":"if","locations":[{"start":{"line":110,"column":14},"end":{"line":111,"column":62}},{"start":{},"end":{}}],"line":110},"17":{"loc":{"start":{"line":114,"column":16},"end":{"line":117,"column":20}},"type":"if","locations":[{"start":{"line":114,"column":16},"end":{"line":117,"column":20}},{"start":{},"end":{}}],"line":114},"18":{"loc":{"start":{"line":114,"column":20},"end":{"line":114,"column":55}},"type":"binary-expr","locations":[{"start":{"line":114,"column":20},"end":{"line":114,"column":45}},{"start":{"line":114,"column":49},"end":{"line":114,"column":55}}],"line":114},"19":{"loc":{"start":{"line":121,"column":14},"end":{"line":122,"column":72}},"type":"if","locations":[{"start":{"line":121,"column":14},"end":{"line":122,"column":72}},{"start":{},"end":{}}],"line":121},"20":{"loc":{"start":{"line":129,"column":14},"end":{"line":131,"column":15}},"type":"if","locations":[{"start":{"line":129,"column":14},"end":{"line":131,"column":15}},{"start":{},"end":{}}],"line":129},"21":{"loc":{"start":{"line":135,"column":14},"end":{"line":136,"column":73}},"type":"if","locations":[{"start":{"line":135,"column":14},"end":{"line":136,"column":73}},{"start":{},"end":{}}],"line":135},"22":{"loc":{"start":{"line":144,"column":16},"end":{"line":144,"column":54}},"type":"if","locations":[{"start":{"line":144,"column":16},"end":{"line":144,"column":54}},{"start":{},"end":{}}],"line":144},"23":{"loc":{"start":{"line":147,"column":14},"end":{"line":148,"column":69}},"type":"if","locations":[{"start":{"line":147,"column":14},"end":{"line":148,"column":69}},{"start":{},"end":{}}],"line":147},"24":{"loc":{"start":{"line":162,"column":10},"end":{"line":163,"column":77}},"type":"if","locations":[{"start":{"line":162,"column":10},"end":{"line":163,"column":77}},{"start":{},"end":{}}],"line":162},"25":{"loc":{"start":{"line":168,"column":10},"end":{"line":196,"column":11}},"type":"switch","locations":[{"start":{"line":169,"column":12},"end":{"line":175,"column":20}},{"start":{"line":176,"column":12},"end":{"line":179,"column":20}},{"start":{"line":180,"column":12},"end":{"line":191,"column":20}},{"start":{"line":192,"column":12},"end":{"line":195,"column":20}}],"line":168},"26":{"loc":{"start":{"line":170,"column":14},"end":{"line":171,"column":79}},"type":"if","locations":[{"start":{"line":170,"column":14},"end":{"line":171,"column":79}},{"start":{},"end":{}}],"line":170},"27":{"loc":{"start":{"line":170,"column":18},"end":{"line":170,"column":61}},"type":"binary-expr","locations":[{"start":{"line":170,"column":18},"end":{"line":170,"column":43}},{"start":{"line":170,"column":47},"end":{"line":170,"column":61}}],"line":170},"28":{"loc":{"start":{"line":172,"column":14},"end":{"line":173,"column":79}},"type":"if","locations":[{"start":{"line":172,"column":14},"end":{"line":173,"column":79}},{"start":{},"end":{}}],"line":172},"29":{"loc":{"start":{"line":177,"column":14},"end":{"line":178,"column":62}},"type":"if","locations":[{"start":{"line":177,"column":14},"end":{"line":178,"column":62}},{"start":{},"end":{}}],"line":177},"30":{"loc":{"start":{"line":181,"column":14},"end":{"line":182,"column":60}},"type":"if","locations":[{"start":{"line":181,"column":14},"end":{"line":182,"column":60}},{"start":{},"end":{}}],"line":181},"31":{"loc":{"start":{"line":186,"column":16},"end":{"line":189,"column":20}},"type":"if","locations":[{"start":{"line":186,"column":16},"end":{"line":189,"column":20}},{"start":{},"end":{}}],"line":186},"32":{"loc":{"start":{"line":193,"column":14},"end":{"line":194,"column":69}},"type":"if","locations":[{"start":{"line":193,"column":14},"end":{"line":194,"column":69}},{"start":{},"end":{}}],"line":193},"33":{"loc":{"start":{"line":212,"column":4},"end":{"line":213,"column":62}},"type":"if","locations":[{"start":{"line":212,"column":4},"end":{"line":213,"column":62}},{"start":{},"end":{}}],"line":212},"34":{"loc":{"start":{"line":221,"column":2},"end":{"line":222,"column":68}},"type":"if","locations":[{"start":{"line":221,"column":2},"end":{"line":222,"column":68}},{"start":{},"end":{}}],"line":221},"35":{"loc":{"start":{"line":221,"column":6},"end":{"line":221,"column":59}},"type":"binary-expr","locations":[{"start":{"line":221,"column":6},"end":{"line":221,"column":30}},{"start":{"line":221,"column":34},"end":{"line":221,"column":59}}],"line":221},"36":{"loc":{"start":{"line":226,"column":2},"end":{"line":227,"column":65}},"type":"if","locations":[{"start":{"line":226,"column":2},"end":{"line":227,"column":65}},{"start":{},"end":{}}],"line":226},"37":{"loc":{"start":{"line":226,"column":6},"end":{"line":226,"column":61}},"type":"binary-expr","locations":[{"start":{"line":226,"column":6},"end":{"line":226,"column":32}},{"start":{"line":226,"column":36},"end":{"line":226,"column":61}}],"line":226},"38":{"loc":{"start":{"line":238,"column":2},"end":{"line":254,"column":3}},"type":"switch","locations":[{"start":{"line":239,"column":4},"end":{"line":243,"column":8}},{"start":{"line":244,"column":4},"end":{"line":251,"column":8}},{"start":{"line":252,"column":4},"end":{"line":253,"column":78}}],"line":238}},"s":{"0":17,"1":5,"2":5,"3":25,"4":0,"5":5,"6":17,"7":5,"8":1,"9":4,"10":1,"11":3,"12":3,"13":0,"14":3,"15":3,"16":0,"17":3,"18":3,"19":0,"20":3,"21":3,"22":0,"23":3,"24":3,"25":6,"26":6,"27":41,"28":0,"29":6,"30":21,"31":6,"32":1,"33":5,"34":1,"35":4,"36":1,"37":0,"38":1,"39":1,"40":0,"41":1,"42":4,"43":0,"44":4,"45":2,"46":0,"47":2,"48":1,"49":1,"50":1,"51":4,"52":0,"53":4,"54":4,"55":1,"56":3,"57":3,"58":0,"59":3,"60":3,"61":7,"62":2,"63":3,"64":1,"65":2,"66":0,"67":1,"68":6,"69":6,"70":24,"71":0,"72":6,"73":19,"74":6,"75":0,"76":6,"77":1,"78":5,"79":5,"80":0,"81":5,"82":5,"83":1,"84":4,"85":10,"86":1,"87":3,"88":3,"89":0,"90":3,"91":3,"92":19,"93":19,"94":56,"95":1,"96":18,"97":18,"98":18,"99":0,"100":18,"101":18,"102":1,"103":17,"104":14,"105":13,"106":0,"107":1},"f":{"0":17,"1":1,"2":7,"3":10,"4":19,"5":14},"b":{"0":[5,6,6],"1":[0,25],"2":[5,3,3,3,3],"3":[1,4],"4":[1,3],"5":[0,3],"6":[0,3],"7":[0,3],"8":[0,3],"9":[0,41],"10":[6,1,1,4,2,4,3,0],"11":[1,5],"12":[1,4],"13":[0,1],"14":[0,1],"15":[0,4],"16":[0,2],"17":[1,0],"18":[1,0],"19":[0,4],"20":[1,3],"21":[0,3],"22":[2,5],"23":[1,2],"24":[0,24],"25":[6,5,5,3],"26":[0,6],"27":[6,0],"28":[1,5],"29":[0,5],"30":[1,4],"31":[1,9],"32":[0,3],"33":[1,55],"34":[0,18],"35":[18,18],"36":[1,17],"37":[18,18],"38":[13,0,1]},"_coverageSchema":"1a1c01bbd47fc00a2c39e90264f33305004495a9","hash":"5227d83df2c8341c386c7655d06390e8d9bab711"}
}
