{"/home/usuario/Documentos/dev/js/scrape_plate/scrape-plate-v2/src/action/src/hooks/useContent.ts": {"path":"/home/usuario/Documentos/dev/js/scrape_plate/scrape-plate-v2/src/action/src/hooks/useContent.ts","statementMap":{"0":{"start":{"line":27,"column":33},"end":{"line":27,"column":46}},"1":{"start":{"line":28,"column":22},"end":{"line":28,"column":55}},"2":{"start":{"line":30,"column":4},"end":{"line":36,"column":10}},"3":{"start":{"line":32,"column":8},"end":{"line":32,"column":44}},"4":{"start":{"line":42,"column":4},"end":{"line":45,"column":5}},"5":{"start":{"line":43,"column":8},"end":{"line":43,"column":46}},"6":{"start":{"line":44,"column":8},"end":{"line":44,"column":33}},"7":{"start":{"line":50,"column":4},"end":{"line":50,"column":28}}},"fnMap":{"0":{"name":"useContent","decl":{"start":{"line":24,"column":24},"end":{"line":24,"column":34}},"loc":{"start":{"line":24,"column":37},"end":{"line":51,"column":1}},"line":24},"1":{"name":"(anonymous_1)","decl":{"start":{"line":30,"column":14},"end":{"line":30,"column":15}},"loc":{"start":{"line":30,"column":18},"end":{"line":36,"column":5}},"line":30}},"branchMap":{"0":{"loc":{"start":{"line":42,"column":4},"end":{"line":45,"column":5}},"type":"if","locations":[{"start":{"line":42,"column":4},"end":{"line":45,"column":5}},{"start":{},"end":{}}],"line":42}},"s":{"0":32,"1":32,"2":32,"3":32,"4":32,"5":32,"6":32,"7":0},"f":{"0":32,"1":32},"b":{"0":[32,0]},"_coverageSchema":"1a1c01bbd47fc00a2c39e90264f33305004495a9","hash":"d3d80519e78b86636c35d957ae7f3eb6a23249c8"}
,"/home/usuario/Documentos/dev/js/scrape_plate/scrape-plate-v2/src/action/src/state/events.ts": {"path":"/home/usuario/Documentos/dev/js/scrape_plate/scrape-plate-v2/src/action/src/state/events.ts","statementMap":{"0":{"start":{"line":15,"column":4},"end":{"line":15,"column":22}},"1":{"start":{"line":20,"column":4},"end":{"line":24,"column":5}},"2":{"start":{"line":21,"column":6},"end":{"line":21,"column":31}},"3":{"start":{"line":23,"column":6},"end":{"line":23,"column":47}},"4":{"start":{"line":27,"column":4},"end":{"line":30,"column":6}},"5":{"start":{"line":29,"column":6},"end":{"line":29,"column":33}},"6":{"start":{"line":35,"column":27},"end":{"line":35,"column":46}},"7":{"start":{"line":38,"column":23},"end":{"line":38,"column":55}},"8":{"start":{"line":40,"column":4},"end":{"line":71,"column":7}},"9":{"start":{"line":41,"column":6},"end":{"line":70,"column":7}},"10":{"start":{"line":43,"column":31},"end":{"line":43,"column":35}},"11":{"start":{"line":44,"column":8},"end":{"line":48,"column":9}},"12":{"start":{"line":45,"column":12},"end":{"line":45,"column":69}},"13":{"start":{"line":47,"column":12},"end":{"line":47,"column":21}},"14":{"start":{"line":50,"column":8},"end":{"line":53,"column":9}},"15":{"start":{"line":51,"column":10},"end":{"line":51,"column":36}},"16":{"start":{"line":52,"column":10},"end":{"line":52,"column":17}},"17":{"start":{"line":56,"column":8},"end":{"line":64,"column":9}},"18":{"start":{"line":57,"column":10},"end":{"line":61,"column":13}},"19":{"start":{"line":58,"column":12},"end":{"line":58,"column":28}},"20":{"start":{"line":60,"column":12},"end":{"line":60,"column":25}},"21":{"start":{"line":63,"column":12},"end":{"line":63,"column":38}},"22":{"start":{"line":68,"column":8},"end":{"line":68,"column":22}},"23":{"start":{"line":69,"column":8},"end":{"line":69,"column":15}},"24":{"start":{"line":75,"column":4},"end":{"line":75,"column":24}}},"fnMap":{"0":{"name":"(anonymous_0)","decl":{"start":{"line":14,"column":2},"end":{"line":14,"column":3}},"loc":{"start":{"line":14,"column":16},"end":{"line":16,"column":3}},"line":14},"1":{"name":"(anonymous_1)","decl":{"start":{"line":19,"column":2},"end":{"line":19,"column":3}},"loc":{"start":{"line":19,"column":48},"end":{"line":31,"column":3}},"line":19},"2":{"name":"(anonymous_2)","decl":{"start":{"line":27,"column":11},"end":{"line":27,"column":12}},"loc":{"start":{"line":27,"column":17},"end":{"line":30,"column":5}},"line":27},"3":{"name":"(anonymous_3)","decl":{"start":{"line":34,"column":2},"end":{"line":34,"column":3}},"loc":{"start":{"line":34,"column":54},"end":{"line":72,"column":3}},"line":34},"4":{"name":"(anonymous_4)","decl":{"start":{"line":40,"column":23},"end":{"line":40,"column":24}},"loc":{"start":{"line":40,"column":44},"end":{"line":71,"column":5}},"line":40},"5":{"name":"(anonymous_5)","decl":{"start":{"line":57,"column":32},"end":{"line":57,"column":33}},"loc":{"start":{"line":57,"column":44},"end":{"line":59,"column":11}},"line":57},"6":{"name":"(anonymous_6)","decl":{"start":{"line":59,"column":19},"end":{"line":59,"column":20}},"loc":{"start":{"line":59,"column":28},"end":{"line":61,"column":11}},"line":59},"7":{"name":"(anonymous_7)","decl":{"start":{"line":74,"column":2},"end":{"line":74,"column":3}},"loc":{"start":{"line":74,"column":22},"end":{"line":76,"column":3}},"line":74}},"branchMap":{"0":{"loc":{"start":{"line":20,"column":4},"end":{"line":24,"column":5}},"type":"if","locations":[{"start":{"line":20,"column":4},"end":{"line":24,"column":5}},{"start":{"line":22,"column":11},"end":{"line":24,"column":5}}],"line":20},"1":{"loc":{"start":{"line":41,"column":6},"end":{"line":70,"column":7}},"type":"if","locations":[{"start":{"line":41,"column":6},"end":{"line":70,"column":7}},{"start":{"line":66,"column":13},"end":{"line":70,"column":7}}],"line":41},"2":{"loc":{"start":{"line":50,"column":8},"end":{"line":53,"column":9}},"type":"if","locations":[{"start":{"line":50,"column":8},"end":{"line":53,"column":9}},{"start":{},"end":{}}],"line":50},"3":{"loc":{"start":{"line":56,"column":8},"end":{"line":64,"column":9}},"type":"if","locations":[{"start":{"line":56,"column":8},"end":{"line":64,"column":9}},{"start":{"line":62,"column":15},"end":{"line":64,"column":9}}],"line":56}},"s":{"0":2,"1":12,"2":12,"3":0,"4":12,"5":0,"6":38,"7":38,"8":38,"9":38,"10":38,"11":38,"12":38,"13":14,"14":38,"15":16,"16":16,"17":22,"18":7,"19":4,"20":3,"21":15,"22":0,"23":0,"24":1},"f":{"0":2,"1":12,"2":0,"3":38,"4":38,"5":4,"6":3,"7":1},"b":{"0":[12,0],"1":[38,0],"2":[16,22],"3":[7,15]},"_coverageSchema":"1a1c01bbd47fc00a2c39e90264f33305004495a9","hash":"b7986762703a1ff295fbf95b0b014742048534d3"}
,"/home/usuario/Documentos/dev/js/scrape_plate/scrape-plate-v2/src/action/src/state/state.ts": {"path":"/home/usuario/Documentos/dev/js/scrape_plate/scrape-plate-v2/src/action/src/state/state.ts","statementMap":{"0":{"start":{"line":14,"column":47},"end":{"line":14,"column":65}},"1":{"start":{"line":16,"column":47},"end":{"line":120,"column":3}},"2":{"start":{"line":128,"column":4},"end":{"line":128,"column":80}},"3":{"start":{"line":131,"column":4},"end":{"line":134,"column":6}},"4":{"start":{"line":135,"column":4},"end":{"line":135,"column":78}},"5":{"start":{"line":138,"column":4},"end":{"line":138,"column":77}},"6":{"start":{"line":141,"column":4},"end":{"line":141,"column":75}},"7":{"start":{"line":144,"column":4},"end":{"line":147,"column":6}},"8":{"start":{"line":152,"column":4},"end":{"line":159,"column":7}},"9":{"start":{"line":154,"column":6},"end":{"line":158,"column":7}},"10":{"start":{"line":155,"column":8},"end":{"line":155,"column":47}},"11":{"start":{"line":157,"column":8},"end":{"line":157,"column":19}},"12":{"start":{"line":167,"column":4},"end":{"line":167,"column":41}},"13":{"start":{"line":175,"column":4},"end":{"line":175,"column":47}},"14":{"start":{"line":185,"column":4},"end":{"line":191,"column":5}},"15":{"start":{"line":190,"column":6},"end":{"line":190,"column":75}},"16":{"start":{"line":193,"column":18},"end":{"line":193,"column":20}},"17":{"start":{"line":194,"column":25},"end":{"line":194,"column":32}},"18":{"start":{"line":197,"column":4},"end":{"line":199,"column":5}},"19":{"start":{"line":198,"column":6},"end":{"line":198,"column":51}},"20":{"start":{"line":201,"column":4},"end":{"line":201,"column":30}},"21":{"start":{"line":203,"column":4},"end":{"line":259,"column":5}},"22":{"start":{"line":206,"column":8},"end":{"line":215,"column":11}},"23":{"start":{"line":209,"column":10},"end":{"line":213,"column":11}},"24":{"start":{"line":210,"column":12},"end":{"line":210,"column":24}},"25":{"start":{"line":211,"column":17},"end":{"line":213,"column":11}},"26":{"start":{"line":212,"column":12},"end":{"line":212,"column":24}},"27":{"start":{"line":214,"column":10},"end":{"line":214,"column":23}},"28":{"start":{"line":216,"column":8},"end":{"line":216,"column":23}},"29":{"start":{"line":219,"column":8},"end":{"line":231,"column":11}},"30":{"start":{"line":222,"column":10},"end":{"line":229,"column":11}},"31":{"start":{"line":226,"column":12},"end":{"line":226,"column":24}},"32":{"start":{"line":227,"column":17},"end":{"line":229,"column":11}},"33":{"start":{"line":228,"column":12},"end":{"line":228,"column":24}},"34":{"start":{"line":230,"column":10},"end":{"line":230,"column":23}},"35":{"start":{"line":232,"column":8},"end":{"line":232,"column":23}},"36":{"start":{"line":235,"column":25},"end":{"line":237,"column":9}},"37":{"start":{"line":239,"column":8},"end":{"line":252,"column":9}},"38":{"start":{"line":240,"column":10},"end":{"line":251,"column":13}},"39":{"start":{"line":241,"column":12},"end":{"line":250,"column":13}},"40":{"start":{"line":245,"column":14},"end":{"line":245,"column":36}},"41":{"start":{"line":246,"column":19},"end":{"line":250,"column":13}},"42":{"start":{"line":247,"column":14},"end":{"line":247,"column":36}},"43":{"start":{"line":248,"column":19},"end":{"line":250,"column":13}},"44":{"start":{"line":249,"column":14},"end":{"line":249,"column":36}},"45":{"start":{"line":254,"column":8},"end":{"line":254,"column":23}},"46":{"start":{"line":258,"column":8},"end":{"line":258,"column":20}},"47":{"start":{"line":266,"column":4},"end":{"line":266,"column":32}},"48":{"start":{"line":270,"column":27},"end":{"line":270,"column":75}},"49":{"start":{"line":276,"column":24},"end":{"line":276,"column":34}},"50":{"start":{"line":277,"column":14},"end":{"line":277,"column":39}},"51":{"start":{"line":280,"column":15},"end":{"line":280,"column":34}},"52":{"start":{"line":282,"column":4},"end":{"line":299,"column":5}},"53":{"start":{"line":284,"column":8},"end":{"line":284,"column":30}},"54":{"start":{"line":285,"column":8},"end":{"line":285,"column":38}},"55":{"start":{"line":286,"column":8},"end":{"line":286,"column":37}},"56":{"start":{"line":287,"column":8},"end":{"line":287,"column":29}},"57":{"start":{"line":288,"column":8},"end":{"line":288,"column":14}},"58":{"start":{"line":290,"column":8},"end":{"line":290,"column":30}},"59":{"start":{"line":291,"column":8},"end":{"line":291,"column":38}},"60":{"start":{"line":292,"column":8},"end":{"line":292,"column":37}},"61":{"start":{"line":293,"column":8},"end":{"line":293,"column":29}},"62":{"start":{"line":294,"column":8},"end":{"line":294,"column":14}},"63":{"start":{"line":296,"column":8},"end":{"line":296,"column":29}},"64":{"start":{"line":297,"column":8},"end":{"line":297,"column":29}},"65":{"start":{"line":298,"column":8},"end":{"line":298,"column":14}},"66":{"start":{"line":301,"column":4},"end":{"line":325,"column":7}},"67":{"start":{"line":303,"column":6},"end":{"line":324,"column":41}},"68":{"start":{"line":306,"column":10},"end":{"line":322,"column":11}},"69":{"start":{"line":309,"column":12},"end":{"line":316,"column":13}},"70":{"start":{"line":310,"column":14},"end":{"line":312,"column":57}},"71":{"start":{"line":314,"column":14},"end":{"line":315,"column":29}},"72":{"start":{"line":319,"column":12},"end":{"line":319,"column":30}},"73":{"start":{"line":320,"column":17},"end":{"line":322,"column":11}},"74":{"start":{"line":321,"column":12},"end":{"line":321,"column":29}},"75":{"start":{"line":324,"column":26},"end":{"line":324,"column":39}},"76":{"start":{"line":330,"column":4},"end":{"line":330,"column":37}},"77":{"start":{"line":338,"column":4},"end":{"line":354,"column":5}},"78":{"start":{"line":340,"column":8},"end":{"line":343,"column":10}},"79":{"start":{"line":345,"column":8},"end":{"line":351,"column":10}},"80":{"start":{"line":353,"column":8},"end":{"line":353,"column":80}},"81":{"start":{"line":588,"column":4},"end":{"line":590,"column":6}},"82":{"start":{"line":594,"column":4},"end":{"line":594,"column":33}}},"fnMap":{"0":{"name":"(anonymous_0)","decl":{"start":{"line":122,"column":2},"end":{"line":122,"column":3}},"loc":{"start":{"line":122,"column":16},"end":{"line":148,"column":3}},"line":122},"1":{"name":"(anonymous_1)","decl":{"start":{"line":151,"column":2},"end":{"line":151,"column":3}},"loc":{"start":{"line":151,"column":70},"end":{"line":160,"column":3}},"line":151},"2":{"name":"(anonymous_2)","decl":{"start":{"line":152,"column":23},"end":{"line":152,"column":24}},"loc":{"start":{"line":152,"column":44},"end":{"line":159,"column":5}},"line":152},"3":{"name":"(anonymous_3)","decl":{"start":{"line":166,"column":2},"end":{"line":166,"column":3}},"loc":{"start":{"line":166,"column":56},"end":{"line":168,"column":3}},"line":166},"4":{"name":"(anonymous_4)","decl":{"start":{"line":174,"column":2},"end":{"line":174,"column":3}},"loc":{"start":{"line":174,"column":68},"end":{"line":176,"column":3}},"line":174},"5":{"name":"(anonymous_5)","decl":{"start":{"line":183,"column":2},"end":{"line":183,"column":3}},"loc":{"start":{"line":183,"column":60},"end":{"line":260,"column":3}},"line":183},"6":{"name":"(anonymous_6)","decl":{"start":{"line":208,"column":17},"end":{"line":208,"column":18}},"loc":{"start":{"line":208,"column":30},"end":{"line":215,"column":9}},"line":208},"7":{"name":"(anonymous_7)","decl":{"start":{"line":221,"column":17},"end":{"line":221,"column":18}},"loc":{"start":{"line":221,"column":29},"end":{"line":231,"column":9}},"line":221},"8":{"name":"(anonymous_8)","decl":{"start":{"line":240,"column":50},"end":{"line":240,"column":51}},"loc":{"start":{"line":240,"column":63},"end":{"line":251,"column":11}},"line":240},"9":{"name":"(anonymous_9)","decl":{"start":{"line":262,"column":2},"end":{"line":262,"column":3}},"loc":{"start":{"line":264,"column":31},"end":{"line":326,"column":3}},"line":264},"10":{"name":"(anonymous_10)","decl":{"start":{"line":301,"column":23},"end":{"line":301,"column":24}},"loc":{"start":{"line":301,"column":44},"end":{"line":325,"column":5}},"line":301},"11":{"name":"(anonymous_11)","decl":{"start":{"line":305,"column":14},"end":{"line":305,"column":15}},"loc":{"start":{"line":305,"column":46},"end":{"line":323,"column":9}},"line":305},"12":{"name":"(anonymous_12)","decl":{"start":{"line":324,"column":15},"end":{"line":324,"column":16}},"loc":{"start":{"line":324,"column":26},"end":{"line":324,"column":39}},"line":324},"13":{"name":"(anonymous_13)","decl":{"start":{"line":329,"column":2},"end":{"line":329,"column":3}},"loc":{"start":{"line":329,"column":22},"end":{"line":331,"column":3}},"line":329},"14":{"name":"(anonymous_14)","decl":{"start":{"line":334,"column":2},"end":{"line":334,"column":3}},"loc":{"start":{"line":337,"column":21},"end":{"line":355,"column":3}},"line":337},"15":{"name":"(anonymous_15)","decl":{"start":{"line":587,"column":2},"end":{"line":587,"column":3}},"loc":{"start":{"line":587,"column":32},"end":{"line":591,"column":3}},"line":587},"16":{"name":"(anonymous_16)","decl":{"start":{"line":593,"column":2},"end":{"line":593,"column":3}},"loc":{"start":{"line":593,"column":24},"end":{"line":595,"column":3}},"line":593}},"branchMap":{"0":{"loc":{"start":{"line":185,"column":4},"end":{"line":191,"column":5}},"type":"if","locations":[{"start":{"line":185,"column":4},"end":{"line":191,"column":5}},{"start":{},"end":{}}],"line":185},"1":{"loc":{"start":{"line":186,"column":6},"end":{"line":188,"column":44}},"type":"binary-expr","locations":[{"start":{"line":186,"column":6},"end":{"line":186,"column":14}},{"start":{"line":187,"column":6},"end":{"line":187,"column":44}},{"start":{"line":188,"column":6},"end":{"line":188,"column":44}}],"line":186},"2":{"loc":{"start":{"line":197,"column":4},"end":{"line":199,"column":5}},"type":"if","locations":[{"start":{"line":197,"column":4},"end":{"line":199,"column":5}},{"start":{},"end":{}}],"line":197},"3":{"loc":{"start":{"line":203,"column":4},"end":{"line":259,"column":5}},"type":"switch","locations":[{"start":{"line":204,"column":6},"end":{"line":216,"column":23}},{"start":{"line":217,"column":6},"end":{"line":232,"column":23}},{"start":{"line":233,"column":6},"end":{"line":255,"column":7}},{"start":{"line":257,"column":6},"end":{"line":258,"column":20}}],"line":203},"4":{"loc":{"start":{"line":209,"column":10},"end":{"line":213,"column":11}},"type":"if","locations":[{"start":{"line":209,"column":10},"end":{"line":213,"column":11}},{"start":{"line":211,"column":17},"end":{"line":213,"column":11}}],"line":209},"5":{"loc":{"start":{"line":211,"column":17},"end":{"line":213,"column":11}},"type":"if","locations":[{"start":{"line":211,"column":17},"end":{"line":213,"column":11}},{"start":{},"end":{}}],"line":211},"6":{"loc":{"start":{"line":222,"column":10},"end":{"line":229,"column":11}},"type":"if","locations":[{"start":{"line":222,"column":10},"end":{"line":229,"column":11}},{"start":{"line":227,"column":17},"end":{"line":229,"column":11}}],"line":222},"7":{"loc":{"start":{"line":223,"column":12},"end":{"line":224,"column":66}},"type":"binary-expr","locations":[{"start":{"line":223,"column":12},"end":{"line":223,"column":23}},{"start":{"line":224,"column":12},"end":{"line":224,"column":66}}],"line":223},"8":{"loc":{"start":{"line":227,"column":17},"end":{"line":229,"column":11}},"type":"if","locations":[{"start":{"line":227,"column":17},"end":{"line":229,"column":11}},{"start":{},"end":{}}],"line":227},"9":{"loc":{"start":{"line":241,"column":12},"end":{"line":250,"column":13}},"type":"if","locations":[{"start":{"line":241,"column":12},"end":{"line":250,"column":13}},{"start":{"line":246,"column":19},"end":{"line":250,"column":13}}],"line":241},"10":{"loc":{"start":{"line":242,"column":14},"end":{"line":243,"column":69}},"type":"binary-expr","locations":[{"start":{"line":242,"column":14},"end":{"line":242,"column":26}},{"start":{"line":243,"column":14},"end":{"line":243,"column":69}}],"line":242},"11":{"loc":{"start":{"line":246,"column":19},"end":{"line":250,"column":13}},"type":"if","locations":[{"start":{"line":246,"column":19},"end":{"line":250,"column":13}},{"start":{"line":248,"column":19},"end":{"line":250,"column":13}}],"line":246},"12":{"loc":{"start":{"line":248,"column":19},"end":{"line":250,"column":13}},"type":"if","locations":[{"start":{"line":248,"column":19},"end":{"line":250,"column":13}},{"start":{},"end":{}}],"line":248},"13":{"loc":{"start":{"line":282,"column":4},"end":{"line":299,"column":5}},"type":"switch","locations":[{"start":{"line":283,"column":6},"end":{"line":288,"column":14}},{"start":{"line":289,"column":6},"end":{"line":294,"column":14}},{"start":{"line":295,"column":6},"end":{"line":298,"column":14}}],"line":282},"14":{"loc":{"start":{"line":306,"column":10},"end":{"line":322,"column":11}},"type":"if","locations":[{"start":{"line":306,"column":10},"end":{"line":322,"column":11}},{"start":{"line":320,"column":17},"end":{"line":322,"column":11}}],"line":306},"15":{"loc":{"start":{"line":309,"column":12},"end":{"line":316,"column":13}},"type":"if","locations":[{"start":{"line":309,"column":12},"end":{"line":316,"column":13}},{"start":{"line":313,"column":19},"end":{"line":316,"column":13}}],"line":309},"16":{"loc":{"start":{"line":320,"column":17},"end":{"line":322,"column":11}},"type":"if","locations":[{"start":{"line":320,"column":17},"end":{"line":322,"column":11}},{"start":{},"end":{}}],"line":320},"17":{"loc":{"start":{"line":338,"column":4},"end":{"line":354,"column":5}},"type":"switch","locations":[{"start":{"line":339,"column":6},"end":{"line":343,"column":10}},{"start":{"line":344,"column":6},"end":{"line":351,"column":10}},{"start":{"line":352,"column":6},"end":{"line":353,"column":80}}],"line":338}},"s":{"0":2,"1":2,"2":2,"3":2,"4":2,"5":2,"6":2,"7":2,"8":1,"9":1,"10":1,"11":0,"12":1,"13":6,"14":10,"15":1,"16":9,"17":9,"18":9,"19":1,"20":8,"21":8,"22":3,"23":6,"24":3,"25":3,"26":0,"27":3,"28":3,"29":2,"30":4,"31":3,"32":1,"33":0,"34":1,"35":2,"36":3,"37":3,"38":7,"39":13,"40":7,"41":6,"42":0,"43":6,"44":0,"45":3,"46":0,"47":18,"48":6,"49":6,"50":6,"51":6,"52":6,"53":1,"54":1,"55":1,"56":1,"57":1,"58":2,"59":2,"60":2,"61":2,"62":2,"63":3,"64":3,"65":3,"66":6,"67":6,"68":6,"69":3,"70":1,"71":2,"72":3,"73":3,"74":3,"75":0,"76":72,"77":8,"78":7,"79":0,"80":1,"81":2,"82":9},"f":{"0":2,"1":1,"2":1,"3":1,"4":6,"5":10,"6":6,"7":4,"8":13,"9":18,"10":6,"11":6,"12":0,"13":72,"14":8,"15":2,"16":9},"b":{"0":[1,9],"1":[10,9,9],"2":[1,8],"3":[3,2,3,0],"4":[3,3],"5":[0,3],"6":[3,1],"7":[4,4],"8":[0,1],"9":[7,6],"10":[13,13],"11":[0,6],"12":[0,6],"13":[1,2,3],"14":[3,3],"15":[1,2],"16":[3,0],"17":[7,0,1]},"_coverageSchema":"1a1c01bbd47fc00a2c39e90264f33305004495a9","hash":"384fe4d0c662c025a22bb0054faecca4310f0da4"}
,"/home/usuario/Documentos/dev/js/scrape_plate/scrape-plate-v2/src/action/src/utils/helpers.ts": {"path":"/home/usuario/Documentos/dev/js/scrape_plate/scrape-plate-v2/src/action/src/utils/helpers.ts","statementMap":{"0":{"start":{"line":16,"column":2},"end":{"line":200,"column":3}},"1":{"start":{"line":20,"column":33},"end":{"line":26,"column":9}},"2":{"start":{"line":27,"column":8},"end":{"line":32,"column":9}},"3":{"start":{"line":28,"column":10},"end":{"line":31,"column":14}},"4":{"start":{"line":29,"column":12},"end":{"line":31,"column":14}},"5":{"start":{"line":35,"column":8},"end":{"line":66,"column":9}},"6":{"start":{"line":36,"column":10},"end":{"line":65,"column":11}},"7":{"start":{"line":39,"column":16},"end":{"line":40,"column":67}},"8":{"start":{"line":40,"column":18},"end":{"line":40,"column":67}},"9":{"start":{"line":43,"column":16},"end":{"line":46,"column":20}},"10":{"start":{"line":44,"column":18},"end":{"line":46,"column":20}},"11":{"start":{"line":48,"column":14},"end":{"line":48,"column":20}},"12":{"start":{"line":50,"column":14},"end":{"line":51,"column":72}},"13":{"start":{"line":51,"column":16},"end":{"line":51,"column":72}},"14":{"start":{"line":52,"column":14},"end":{"line":52,"column":20}},"15":{"start":{"line":54,"column":14},"end":{"line":55,"column":73}},"16":{"start":{"line":55,"column":16},"end":{"line":55,"column":73}},"17":{"start":{"line":56,"column":14},"end":{"line":56,"column":20}},"18":{"start":{"line":58,"column":14},"end":{"line":59,"column":63}},"19":{"start":{"line":59,"column":16},"end":{"line":59,"column":63}},"20":{"start":{"line":60,"column":14},"end":{"line":60,"column":20}},"21":{"start":{"line":62,"column":14},"end":{"line":63,"column":62}},"22":{"start":{"line":63,"column":16},"end":{"line":63,"column":62}},"23":{"start":{"line":64,"column":14},"end":{"line":64,"column":20}},"24":{"start":{"line":68,"column":6},"end":{"line":68,"column":12}},"25":{"start":{"line":72,"column":28},"end":{"line":80,"column":9}},"26":{"start":{"line":81,"column":8},"end":{"line":84,"column":9}},"27":{"start":{"line":82,"column":10},"end":{"line":83,"column":78}},"28":{"start":{"line":83,"column":12},"end":{"line":83,"column":78}},"29":{"start":{"line":87,"column":8},"end":{"line":154,"column":9}},"30":{"start":{"line":88,"column":10},"end":{"line":153,"column":11}},"31":{"start":{"line":90,"column":14},"end":{"line":91,"column":66}},"32":{"start":{"line":91,"column":16},"end":{"line":91,"column":66}},"33":{"start":{"line":93,"column":14},"end":{"line":94,"column":80}},"34":{"start":{"line":94,"column":16},"end":{"line":94,"column":80}},"35":{"start":{"line":96,"column":14},"end":{"line":96,"column":20}},"36":{"start":{"line":98,"column":14},"end":{"line":99,"column":73}},"37":{"start":{"line":99,"column":16},"end":{"line":99,"column":73}},"38":{"start":{"line":100,"column":14},"end":{"line":100,"column":20}},"39":{"start":{"line":102,"column":14},"end":{"line":103,"column":74}},"40":{"start":{"line":103,"column":16},"end":{"line":103,"column":74}},"41":{"start":{"line":104,"column":14},"end":{"line":104,"column":20}},"42":{"start":{"line":106,"column":14},"end":{"line":107,"column":63}},"43":{"start":{"line":107,"column":16},"end":{"line":107,"column":63}},"44":{"start":{"line":108,"column":14},"end":{"line":108,"column":20}},"45":{"start":{"line":110,"column":14},"end":{"line":111,"column":62}},"46":{"start":{"line":111,"column":16},"end":{"line":111,"column":62}},"47":{"start":{"line":113,"column":14},"end":{"line":118,"column":17}},"48":{"start":{"line":114,"column":16},"end":{"line":117,"column":20}},"49":{"start":{"line":115,"column":18},"end":{"line":117,"column":20}},"50":{"start":{"line":119,"column":14},"end":{"line":119,"column":20}},"51":{"start":{"line":121,"column":14},"end":{"line":122,"column":72}},"52":{"start":{"line":122,"column":16},"end":{"line":122,"column":72}},"53":{"start":{"line":125,"column":35},"end":{"line":127,"column":15}},"54":{"start":{"line":129,"column":14},"end":{"line":131,"column":15}},"55":{"start":{"line":130,"column":16},"end":{"line":130,"column":68}},"56":{"start":{"line":132,"column":14},"end":{"line":132,"column":20}},"57":{"start":{"line":135,"column":14},"end":{"line":136,"column":73}},"58":{"start":{"line":136,"column":16},"end":{"line":136,"column":73}},"59":{"start":{"line":139,"column":35},"end":{"line":141,"column":22}},"60":{"start":{"line":143,"column":30},"end":{"line":145,"column":16}},"61":{"start":{"line":144,"column":16},"end":{"line":144,"column":54}},"62":{"start":{"line":144,"column":42},"end":{"line":144,"column":54}},"63":{"start":{"line":147,"column":14},"end":{"line":148,"column":69}},"64":{"start":{"line":148,"column":16},"end":{"line":148,"column":69}},"65":{"start":{"line":149,"column":14},"end":{"line":149,"column":20}},"66":{"start":{"line":152,"column":14},"end":{"line":152,"column":20}},"67":{"start":{"line":156,"column":6},"end":{"line":156,"column":12}},"68":{"start":{"line":160,"column":27},"end":{"line":160,"column":64}},"69":{"start":{"line":161,"column":8},"end":{"line":164,"column":9}},"70":{"start":{"line":162,"column":10},"end":{"line":163,"column":77}},"71":{"start":{"line":163,"column":12},"end":{"line":163,"column":77}},"72":{"start":{"line":167,"column":8},"end":{"line":197,"column":9}},"73":{"start":{"line":168,"column":10},"end":{"line":196,"column":11}},"74":{"start":{"line":170,"column":14},"end":{"line":171,"column":79}},"75":{"start":{"line":171,"column":16},"end":{"line":171,"column":79}},"76":{"start":{"line":172,"column":14},"end":{"line":173,"column":79}},"77":{"start":{"line":173,"column":16},"end":{"line":173,"column":79}},"78":{"start":{"line":175,"column":14},"end":{"line":175,"column":20}},"79":{"start":{"line":177,"column":14},"end":{"line":178,"column":62}},"80":{"start":{"line":178,"column":16},"end":{"line":178,"column":62}},"81":{"start":{"line":179,"column":14},"end":{"line":179,"column":20}},"82":{"start":{"line":181,"column":14},"end":{"line":182,"column":60}},"83":{"start":{"line":182,"column":16},"end":{"line":182,"column":60}},"84":{"start":{"line":185,"column":14},"end":{"line":190,"column":17}},"85":{"start":{"line":186,"column":16},"end":{"line":189,"column":20}},"86":{"start":{"line":187,"column":18},"end":{"line":189,"column":20}},"87":{"start":{"line":191,"column":14},"end":{"line":191,"column":20}},"88":{"start":{"line":193,"column":14},"end":{"line":194,"column":69}},"89":{"start":{"line":194,"column":16},"end":{"line":194,"column":69}},"90":{"start":{"line":195,"column":14},"end":{"line":195,"column":20}},"91":{"start":{"line":199,"column":6},"end":{"line":199,"column":12}},"92":{"start":{"line":209,"column":15},"end":{"line":209,"column":41}},"93":{"start":{"line":211,"column":2},"end":{"line":214,"column":3}},"94":{"start":{"line":212,"column":4},"end":{"line":213,"column":62}},"95":{"start":{"line":213,"column":6},"end":{"line":213,"column":62}},"96":{"start":{"line":217,"column":33},"end":{"line":217,"column":40}},"97":{"start":{"line":220,"column":20},"end":{"line":220,"column":52}},"98":{"start":{"line":221,"column":2},"end":{"line":222,"column":68}},"99":{"start":{"line":222,"column":4},"end":{"line":222,"column":68}},"100":{"start":{"line":225,"column":18},"end":{"line":225,"column":56}},"101":{"start":{"line":226,"column":2},"end":{"line":227,"column":65}},"102":{"start":{"line":227,"column":4},"end":{"line":227,"column":65}},"103":{"start":{"line":230,"column":2},"end":{"line":230,"column":27}}},"fnMap":{"0":{"name":"validateData","decl":{"start":{"line":12,"column":16},"end":{"line":12,"column":28}},"loc":{"start":{"line":15,"column":2},"end":{"line":201,"column":1}},"line":15},"1":{"name":"(anonymous_1)","decl":{"start":{"line":113,"column":43},"end":{"line":113,"column":44}},"loc":{"start":{"line":113,"column":73},"end":{"line":118,"column":15}},"line":113},"2":{"name":"(anonymous_2)","decl":{"start":{"line":143,"column":48},"end":{"line":143,"column":49}},"loc":{"start":{"line":143,"column":61},"end":{"line":145,"column":15}},"line":143},"3":{"name":"(anonymous_3)","decl":{"start":{"line":185,"column":41},"end":{"line":185,"column":42}},"loc":{"start":{"line":185,"column":56},"end":{"line":190,"column":15}},"line":185},"4":{"name":"validateCRUDOptions","decl":{"start":{"line":207,"column":16},"end":{"line":207,"column":35}},"loc":{"start":{"line":207,"column":68},"end":{"line":232,"column":1}},"line":207}},"branchMap":{"0":{"loc":{"start":{"line":16,"column":2},"end":{"line":200,"column":3}},"type":"switch","locations":[{"start":{"line":17,"column":4},"end":{"line":68,"column":12}},{"start":{"line":69,"column":4},"end":{"line":156,"column":12}},{"start":{"line":157,"column":4},"end":{"line":199,"column":12}}],"line":16},"1":{"loc":{"start":{"line":28,"column":10},"end":{"line":31,"column":14}},"type":"if","locations":[{"start":{"line":28,"column":10},"end":{"line":31,"column":14}},{"start":{},"end":{}}],"line":28},"2":{"loc":{"start":{"line":36,"column":10},"end":{"line":65,"column":11}},"type":"switch","locations":[{"start":{"line":37,"column":12},"end":{"line":48,"column":20}},{"start":{"line":49,"column":12},"end":{"line":52,"column":20}},{"start":{"line":53,"column":12},"end":{"line":56,"column":20}},{"start":{"line":57,"column":12},"end":{"line":60,"column":20}},{"start":{"line":61,"column":12},"end":{"line":64,"column":20}}],"line":36},"3":{"loc":{"start":{"line":39,"column":16},"end":{"line":40,"column":67}},"type":"if","locations":[{"start":{"line":39,"column":16},"end":{"line":40,"column":67}},{"start":{},"end":{}}],"line":39},"4":{"loc":{"start":{"line":43,"column":16},"end":{"line":46,"column":20}},"type":"if","locations":[{"start":{"line":43,"column":16},"end":{"line":46,"column":20}},{"start":{},"end":{}}],"line":43},"5":{"loc":{"start":{"line":50,"column":14},"end":{"line":51,"column":72}},"type":"if","locations":[{"start":{"line":50,"column":14},"end":{"line":51,"column":72}},{"start":{},"end":{}}],"line":50},"6":{"loc":{"start":{"line":54,"column":14},"end":{"line":55,"column":73}},"type":"if","locations":[{"start":{"line":54,"column":14},"end":{"line":55,"column":73}},{"start":{},"end":{}}],"line":54},"7":{"loc":{"start":{"line":58,"column":14},"end":{"line":59,"column":63}},"type":"if","locations":[{"start":{"line":58,"column":14},"end":{"line":59,"column":63}},{"start":{},"end":{}}],"line":58},"8":{"loc":{"start":{"line":62,"column":14},"end":{"line":63,"column":62}},"type":"if","locations":[{"start":{"line":62,"column":14},"end":{"line":63,"column":62}},{"start":{},"end":{}}],"line":62},"9":{"loc":{"start":{"line":82,"column":10},"end":{"line":83,"column":78}},"type":"if","locations":[{"start":{"line":82,"column":10},"end":{"line":83,"column":78}},{"start":{},"end":{}}],"line":82},"10":{"loc":{"start":{"line":88,"column":10},"end":{"line":153,"column":11}},"type":"switch","locations":[{"start":{"line":89,"column":12},"end":{"line":96,"column":20}},{"start":{"line":97,"column":12},"end":{"line":100,"column":20}},{"start":{"line":101,"column":12},"end":{"line":104,"column":20}},{"start":{"line":105,"column":12},"end":{"line":108,"column":20}},{"start":{"line":109,"column":12},"end":{"line":119,"column":20}},{"start":{"line":120,"column":12},"end":{"line":133,"column":13}},{"start":{"line":134,"column":12},"end":{"line":150,"column":13}},{"start":{"line":151,"column":12},"end":{"line":152,"column":20}}],"line":88},"11":{"loc":{"start":{"line":90,"column":14},"end":{"line":91,"column":66}},"type":"if","locations":[{"start":{"line":90,"column":14},"end":{"line":91,"column":66}},{"start":{},"end":{}}],"line":90},"12":{"loc":{"start":{"line":93,"column":14},"end":{"line":94,"column":80}},"type":"if","locations":[{"start":{"line":93,"column":14},"end":{"line":94,"column":80}},{"start":{},"end":{}}],"line":93},"13":{"loc":{"start":{"line":98,"column":14},"end":{"line":99,"column":73}},"type":"if","locations":[{"start":{"line":98,"column":14},"end":{"line":99,"column":73}},{"start":{},"end":{}}],"line":98},"14":{"loc":{"start":{"line":102,"column":14},"end":{"line":103,"column":74}},"type":"if","locations":[{"start":{"line":102,"column":14},"end":{"line":103,"column":74}},{"start":{},"end":{}}],"line":102},"15":{"loc":{"start":{"line":106,"column":14},"end":{"line":107,"column":63}},"type":"if","locations":[{"start":{"line":106,"column":14},"end":{"line":107,"column":63}},{"start":{},"end":{}}],"line":106},"16":{"loc":{"start":{"line":110,"column":14},"end":{"line":111,"column":62}},"type":"if","locations":[{"start":{"line":110,"column":14},"end":{"line":111,"column":62}},{"start":{},"end":{}}],"line":110},"17":{"loc":{"start":{"line":114,"column":16},"end":{"line":117,"column":20}},"type":"if","locations":[{"start":{"line":114,"column":16},"end":{"line":117,"column":20}},{"start":{},"end":{}}],"line":114},"18":{"loc":{"start":{"line":114,"column":20},"end":{"line":114,"column":55}},"type":"binary-expr","locations":[{"start":{"line":114,"column":20},"end":{"line":114,"column":45}},{"start":{"line":114,"column":49},"end":{"line":114,"column":55}}],"line":114},"19":{"loc":{"start":{"line":121,"column":14},"end":{"line":122,"column":72}},"type":"if","locations":[{"start":{"line":121,"column":14},"end":{"line":122,"column":72}},{"start":{},"end":{}}],"line":121},"20":{"loc":{"start":{"line":129,"column":14},"end":{"line":131,"column":15}},"type":"if","locations":[{"start":{"line":129,"column":14},"end":{"line":131,"column":15}},{"start":{},"end":{}}],"line":129},"21":{"loc":{"start":{"line":135,"column":14},"end":{"line":136,"column":73}},"type":"if","locations":[{"start":{"line":135,"column":14},"end":{"line":136,"column":73}},{"start":{},"end":{}}],"line":135},"22":{"loc":{"start":{"line":144,"column":16},"end":{"line":144,"column":54}},"type":"if","locations":[{"start":{"line":144,"column":16},"end":{"line":144,"column":54}},{"start":{},"end":{}}],"line":144},"23":{"loc":{"start":{"line":147,"column":14},"end":{"line":148,"column":69}},"type":"if","locations":[{"start":{"line":147,"column":14},"end":{"line":148,"column":69}},{"start":{},"end":{}}],"line":147},"24":{"loc":{"start":{"line":162,"column":10},"end":{"line":163,"column":77}},"type":"if","locations":[{"start":{"line":162,"column":10},"end":{"line":163,"column":77}},{"start":{},"end":{}}],"line":162},"25":{"loc":{"start":{"line":168,"column":10},"end":{"line":196,"column":11}},"type":"switch","locations":[{"start":{"line":169,"column":12},"end":{"line":175,"column":20}},{"start":{"line":176,"column":12},"end":{"line":179,"column":20}},{"start":{"line":180,"column":12},"end":{"line":191,"column":20}},{"start":{"line":192,"column":12},"end":{"line":195,"column":20}}],"line":168},"26":{"loc":{"start":{"line":170,"column":14},"end":{"line":171,"column":79}},"type":"if","locations":[{"start":{"line":170,"column":14},"end":{"line":171,"column":79}},{"start":{},"end":{}}],"line":170},"27":{"loc":{"start":{"line":170,"column":18},"end":{"line":170,"column":61}},"type":"binary-expr","locations":[{"start":{"line":170,"column":18},"end":{"line":170,"column":43}},{"start":{"line":170,"column":47},"end":{"line":170,"column":61}}],"line":170},"28":{"loc":{"start":{"line":172,"column":14},"end":{"line":173,"column":79}},"type":"if","locations":[{"start":{"line":172,"column":14},"end":{"line":173,"column":79}},{"start":{},"end":{}}],"line":172},"29":{"loc":{"start":{"line":177,"column":14},"end":{"line":178,"column":62}},"type":"if","locations":[{"start":{"line":177,"column":14},"end":{"line":178,"column":62}},{"start":{},"end":{}}],"line":177},"30":{"loc":{"start":{"line":181,"column":14},"end":{"line":182,"column":60}},"type":"if","locations":[{"start":{"line":181,"column":14},"end":{"line":182,"column":60}},{"start":{},"end":{}}],"line":181},"31":{"loc":{"start":{"line":186,"column":16},"end":{"line":189,"column":20}},"type":"if","locations":[{"start":{"line":186,"column":16},"end":{"line":189,"column":20}},{"start":{},"end":{}}],"line":186},"32":{"loc":{"start":{"line":193,"column":14},"end":{"line":194,"column":69}},"type":"if","locations":[{"start":{"line":193,"column":14},"end":{"line":194,"column":69}},{"start":{},"end":{}}],"line":193},"33":{"loc":{"start":{"line":212,"column":4},"end":{"line":213,"column":62}},"type":"if","locations":[{"start":{"line":212,"column":4},"end":{"line":213,"column":62}},{"start":{},"end":{}}],"line":212},"34":{"loc":{"start":{"line":221,"column":2},"end":{"line":222,"column":68}},"type":"if","locations":[{"start":{"line":221,"column":2},"end":{"line":222,"column":68}},{"start":{},"end":{}}],"line":221},"35":{"loc":{"start":{"line":221,"column":6},"end":{"line":221,"column":59}},"type":"binary-expr","locations":[{"start":{"line":221,"column":6},"end":{"line":221,"column":30}},{"start":{"line":221,"column":34},"end":{"line":221,"column":59}}],"line":221},"36":{"loc":{"start":{"line":226,"column":2},"end":{"line":227,"column":65}},"type":"if","locations":[{"start":{"line":226,"column":2},"end":{"line":227,"column":65}},{"start":{},"end":{}}],"line":226},"37":{"loc":{"start":{"line":226,"column":6},"end":{"line":226,"column":61}},"type":"binary-expr","locations":[{"start":{"line":226,"column":6},"end":{"line":226,"column":32}},{"start":{"line":226,"column":36},"end":{"line":226,"column":61}}],"line":226}},"s":{"0":16,"1":4,"2":4,"3":20,"4":0,"5":4,"6":12,"7":4,"8":1,"9":3,"10":1,"11":2,"12":2,"13":0,"14":2,"15":2,"16":0,"17":2,"18":2,"19":0,"20":2,"21":2,"22":0,"23":2,"24":2,"25":6,"26":6,"27":41,"28":0,"29":6,"30":21,"31":6,"32":1,"33":5,"34":1,"35":4,"36":1,"37":0,"38":1,"39":1,"40":0,"41":1,"42":4,"43":0,"44":4,"45":2,"46":0,"47":2,"48":1,"49":1,"50":1,"51":4,"52":0,"53":4,"54":4,"55":1,"56":3,"57":3,"58":0,"59":3,"60":3,"61":7,"62":2,"63":3,"64":1,"65":2,"66":0,"67":1,"68":6,"69":6,"70":24,"71":0,"72":6,"73":19,"74":6,"75":0,"76":6,"77":1,"78":5,"79":5,"80":0,"81":5,"82":5,"83":1,"84":4,"85":10,"86":1,"87":3,"88":3,"89":0,"90":3,"91":3,"92":18,"93":18,"94":53,"95":1,"96":17,"97":17,"98":17,"99":0,"100":17,"101":17,"102":1,"103":16},"f":{"0":16,"1":1,"2":7,"3":10,"4":18},"b":{"0":[4,6,6],"1":[0,20],"2":[4,2,2,2,2],"3":[1,3],"4":[1,2],"5":[0,2],"6":[0,2],"7":[0,2],"8":[0,2],"9":[0,41],"10":[6,1,1,4,2,4,3,0],"11":[1,5],"12":[1,4],"13":[0,1],"14":[0,1],"15":[0,4],"16":[0,2],"17":[1,0],"18":[1,0],"19":[0,4],"20":[1,3],"21":[0,3],"22":[2,5],"23":[1,2],"24":[0,24],"25":[6,5,5,3],"26":[0,6],"27":[6,0],"28":[1,5],"29":[0,5],"30":[1,4],"31":[1,9],"32":[0,3],"33":[1,52],"34":[0,17],"35":[17,17],"36":[1,16],"37":[17,17]},"_coverageSchema":"1a1c01bbd47fc00a2c39e90264f33305004495a9","hash":"f679227add216ce0b9a03ba8c6ee3480c2a8e8d5"}
}
