TN:
SF:src/hooks/useContent.ts
FN:24,useContent
FN:30,(anonymous_1)
FNF:2
FNH:2
FNDA:32,useContent
FNDA:32,(anonymous_1)
DA:27,32
DA:28,32
DA:30,32
DA:32,32
DA:42,32
DA:43,32
DA:44,32
DA:50,0
LF:8
LH:7
BRDA:42,0,0,32
BRDA:42,0,1,0
BRF:2
BRH:1
end_of_record
TN:
SF:src/state/events.ts
FN:14,(anonymous_0)
FN:19,(anonymous_1)
FN:27,(anonymous_2)
FN:34,(anonymous_3)
FN:40,(anonymous_4)
FN:57,(anonymous_5)
FN:59,(anonymous_6)
FN:74,(anonymous_7)
FNF:8
FNH:7
FNDA:2,(anonymous_0)
FNDA:12,(anonymous_1)
FNDA:0,(anonymous_2)
FNDA:38,(anonymous_3)
FNDA:38,(anonymous_4)
FNDA:4,(anonymous_5)
FNDA:3,(anonymous_6)
FNDA:1,(anonymous_7)
DA:15,2
DA:20,12
DA:21,12
DA:23,0
DA:27,12
DA:29,0
DA:35,38
DA:38,38
DA:40,38
DA:41,38
DA:43,38
DA:44,38
DA:45,38
DA:47,14
DA:50,38
DA:51,16
DA:52,16
DA:56,22
DA:57,7
DA:58,4
DA:60,3
DA:63,15
DA:68,0
DA:69,0
DA:75,1
LF:25
LH:21
BRDA:20,0,0,12
BRDA:20,0,1,0
BRDA:41,1,0,38
BRDA:41,1,1,0
BRDA:50,2,0,16
BRDA:50,2,1,22
BRDA:56,3,0,7
BRDA:56,3,1,15
BRF:8
BRH:6
end_of_record
TN:
SF:src/state/state.ts
FN:122,(anonymous_0)
FN:151,(anonymous_1)
FN:152,(anonymous_2)
FN:166,(anonymous_3)
FN:174,(anonymous_4)
FN:183,(anonymous_5)
FN:208,(anonymous_6)
FN:221,(anonymous_7)
FN:240,(anonymous_8)
FN:262,(anonymous_9)
FN:301,(anonymous_10)
FN:305,(anonymous_11)
FN:324,(anonymous_12)
FN:329,(anonymous_13)
FN:334,(anonymous_14)
FN:587,(anonymous_15)
FN:593,(anonymous_16)
FNF:17
FNH:16
FNDA:2,(anonymous_0)
FNDA:1,(anonymous_1)
FNDA:1,(anonymous_2)
FNDA:1,(anonymous_3)
FNDA:6,(anonymous_4)
FNDA:10,(anonymous_5)
FNDA:6,(anonymous_6)
FNDA:4,(anonymous_7)
FNDA:13,(anonymous_8)
FNDA:18,(anonymous_9)
FNDA:6,(anonymous_10)
FNDA:6,(anonymous_11)
FNDA:0,(anonymous_12)
FNDA:72,(anonymous_13)
FNDA:8,(anonymous_14)
FNDA:2,(anonymous_15)
FNDA:9,(anonymous_16)
DA:14,2
DA:16,2
DA:128,2
DA:131,2
DA:135,2
DA:138,2
DA:141,2
DA:144,2
DA:152,1
DA:154,1
DA:155,1
DA:157,0
DA:167,1
DA:175,6
DA:185,10
DA:190,1
DA:193,9
DA:194,9
DA:197,9
DA:198,1
DA:201,8
DA:203,8
DA:206,3
DA:209,6
DA:210,3
DA:211,3
DA:212,0
DA:214,3
DA:216,3
DA:219,2
DA:222,4
DA:226,3
DA:227,1
DA:228,0
DA:230,1
DA:232,2
DA:235,3
DA:239,3
DA:240,7
DA:241,13
DA:245,7
DA:246,6
DA:247,0
DA:248,6
DA:249,0
DA:254,3
DA:258,0
DA:266,18
DA:270,6
DA:276,6
DA:277,6
DA:280,6
DA:282,6
DA:284,1
DA:285,1
DA:286,1
DA:287,1
DA:288,1
DA:290,2
DA:291,2
DA:292,2
DA:293,2
DA:294,2
DA:296,3
DA:297,3
DA:298,3
DA:301,6
DA:303,6
DA:306,6
DA:309,3
DA:310,1
DA:314,2
DA:319,3
DA:320,3
DA:321,3
DA:324,0
DA:330,72
DA:338,8
DA:340,7
DA:345,0
DA:353,1
DA:588,2
DA:594,9
LF:83
LH:75
BRDA:185,0,0,1
BRDA:185,0,1,9
BRDA:186,1,0,10
BRDA:186,1,1,9
BRDA:186,1,2,9
BRDA:197,2,0,1
BRDA:197,2,1,8
BRDA:203,3,0,3
BRDA:203,3,1,2
BRDA:203,3,2,3
BRDA:203,3,3,0
BRDA:209,4,0,3
BRDA:209,4,1,3
BRDA:211,5,0,0
BRDA:211,5,1,3
BRDA:222,6,0,3
BRDA:222,6,1,1
BRDA:223,7,0,4
BRDA:223,7,1,4
BRDA:227,8,0,0
BRDA:227,8,1,1
BRDA:241,9,0,7
BRDA:241,9,1,6
BRDA:242,10,0,13
BRDA:242,10,1,13
BRDA:246,11,0,0
BRDA:246,11,1,6
BRDA:248,12,0,0
BRDA:248,12,1,6
BRDA:282,13,0,1
BRDA:282,13,1,2
BRDA:282,13,2,3
BRDA:306,14,0,3
BRDA:306,14,1,3
BRDA:309,15,0,1
BRDA:309,15,1,2
BRDA:320,16,0,3
BRDA:320,16,1,0
BRDA:338,17,0,7
BRDA:338,17,1,0
BRDA:338,17,2,1
BRF:41
BRH:34
end_of_record
TN:
SF:src/utils/helpers.ts
FN:12,validateData
FN:113,(anonymous_1)
FN:143,(anonymous_2)
FN:185,(anonymous_3)
FN:207,validateCRUDOptions
FNF:5
FNH:5
FNDA:16,validateData
FNDA:1,(anonymous_1)
FNDA:7,(anonymous_2)
FNDA:10,(anonymous_3)
FNDA:18,validateCRUDOptions
DA:16,16
DA:20,4
DA:27,4
DA:28,20
DA:29,0
DA:35,4
DA:36,12
DA:39,4
DA:40,1
DA:43,3
DA:44,1
DA:48,2
DA:50,2
DA:51,0
DA:52,2
DA:54,2
DA:55,0
DA:56,2
DA:58,2
DA:59,0
DA:60,2
DA:62,2
DA:63,0
DA:64,2
DA:68,2
DA:72,6
DA:81,6
DA:82,41
DA:83,0
DA:87,6
DA:88,21
DA:90,6
DA:91,1
DA:93,5
DA:94,1
DA:96,4
DA:98,1
DA:99,0
DA:100,1
DA:102,1
DA:103,0
DA:104,1
DA:106,4
DA:107,0
DA:108,4
DA:110,2
DA:111,0
DA:113,2
DA:114,1
DA:115,1
DA:119,1
DA:121,4
DA:122,0
DA:125,4
DA:129,4
DA:130,1
DA:132,3
DA:135,3
DA:136,0
DA:139,3
DA:143,3
DA:144,7
DA:147,3
DA:148,1
DA:149,2
DA:152,0
DA:156,1
DA:160,6
DA:161,6
DA:162,24
DA:163,0
DA:167,6
DA:168,19
DA:170,6
DA:171,0
DA:172,6
DA:173,1
DA:175,5
DA:177,5
DA:178,0
DA:179,5
DA:181,5
DA:182,1
DA:185,4
DA:186,10
DA:187,1
DA:191,3
DA:193,3
DA:194,0
DA:195,3
DA:199,3
DA:209,18
DA:211,18
DA:212,53
DA:213,1
DA:217,17
DA:220,17
DA:221,17
DA:222,0
DA:225,17
DA:226,17
DA:227,1
DA:230,16
LF:103
LH:85
BRDA:16,0,0,4
BRDA:16,0,1,6
BRDA:16,0,2,6
BRDA:28,1,0,0
BRDA:28,1,1,20
BRDA:36,2,0,4
BRDA:36,2,1,2
BRDA:36,2,2,2
BRDA:36,2,3,2
BRDA:36,2,4,2
BRDA:39,3,0,1
BRDA:39,3,1,3
BRDA:43,4,0,1
BRDA:43,4,1,2
BRDA:50,5,0,0
BRDA:50,5,1,2
BRDA:54,6,0,0
BRDA:54,6,1,2
BRDA:58,7,0,0
BRDA:58,7,1,2
BRDA:62,8,0,0
BRDA:62,8,1,2
BRDA:82,9,0,0
BRDA:82,9,1,41
BRDA:88,10,0,6
BRDA:88,10,1,1
BRDA:88,10,2,1
BRDA:88,10,3,4
BRDA:88,10,4,2
BRDA:88,10,5,4
BRDA:88,10,6,3
BRDA:88,10,7,0
BRDA:90,11,0,1
BRDA:90,11,1,5
BRDA:93,12,0,1
BRDA:93,12,1,4
BRDA:98,13,0,0
BRDA:98,13,1,1
BRDA:102,14,0,0
BRDA:102,14,1,1
BRDA:106,15,0,0
BRDA:106,15,1,4
BRDA:110,16,0,0
BRDA:110,16,1,2
BRDA:114,17,0,1
BRDA:114,17,1,0
BRDA:114,18,0,1
BRDA:114,18,1,0
BRDA:121,19,0,0
BRDA:121,19,1,4
BRDA:129,20,0,1
BRDA:129,20,1,3
BRDA:135,21,0,0
BRDA:135,21,1,3
BRDA:144,22,0,2
BRDA:144,22,1,5
BRDA:147,23,0,1
BRDA:147,23,1,2
BRDA:162,24,0,0
BRDA:162,24,1,24
BRDA:168,25,0,6
BRDA:168,25,1,5
BRDA:168,25,2,5
BRDA:168,25,3,3
BRDA:170,26,0,0
BRDA:170,26,1,6
BRDA:170,27,0,6
BRDA:170,27,1,0
BRDA:172,28,0,1
BRDA:172,28,1,5
BRDA:177,29,0,0
BRDA:177,29,1,5
BRDA:181,30,0,1
BRDA:181,30,1,4
BRDA:186,31,0,1
BRDA:186,31,1,9
BRDA:193,32,0,0
BRDA:193,32,1,3
BRDA:212,33,0,1
BRDA:212,33,1,52
BRDA:221,34,0,0
BRDA:221,34,1,17
BRDA:221,35,0,17
BRDA:221,35,1,17
BRDA:226,36,0,1
BRDA:226,36,1,16
BRDA:226,37,0,17
BRDA:226,37,1,17
BRF:88
BRH:67
end_of_record
