TN:
SF:src/hooks/useContent.ts
FN:24,useContent
FN:30,(anonymous_1)
FNF:2
FNH:2
FNDA:36,useContent
FNDA:36,(anonymous_1)
DA:27,36
DA:28,36
DA:30,36
DA:32,36
DA:42,36
DA:43,36
DA:44,36
DA:50,0
LF:8
LH:7
BRDA:42,0,0,36
BRDA:42,0,1,0
BRF:2
BRH:1
end_of_record
TN:
SF:src/state/events.ts
FN:14,(anonymous_0)
FN:19,(anonymous_1)
FN:27,(anonymous_2)
FN:34,(anonymous_3)
FN:40,(anonymous_4)
FN:57,(anonymous_5)
FN:59,(anonymous_6)
FN:74,(anonymous_7)
FNF:8
FNH:7
FNDA:2,(anonymous_0)
FNDA:16,(anonymous_1)
FNDA:0,(anonymous_2)
FNDA:46,(anonymous_3)
FNDA:46,(anonymous_4)
FNDA:8,(anonymous_5)
FNDA:3,(anonymous_6)
FNDA:1,(anonymous_7)
DA:15,2
DA:20,16
DA:21,16
DA:23,0
DA:27,16
DA:29,0
DA:35,46
DA:38,46
DA:40,46
DA:41,46
DA:43,46
DA:44,46
DA:45,46
DA:47,14
DA:50,46
DA:51,16
DA:52,16
DA:56,30
DA:57,11
DA:58,8
DA:60,3
DA:63,19
DA:68,0
DA:69,0
DA:75,1
LF:25
LH:21
BRDA:20,0,0,16
BRDA:20,0,1,0
BRDA:41,1,0,46
BRDA:41,1,1,0
BRDA:50,2,0,16
BRDA:50,2,1,30
BRDA:56,3,0,11
BRDA:56,3,1,19
BRF:8
BRH:6
end_of_record
TN:
SF:src/state/state.ts
FN:126,(anonymous_0)
FN:161,(anonymous_1)
FN:162,(anonymous_2)
FN:176,(anonymous_3)
FN:184,(anonymous_4)
FN:193,(anonymous_5)
FN:218,(anonymous_6)
FN:231,(anonymous_7)
FN:250,(anonymous_8)
FN:272,(anonymous_9)
FN:310,(anonymous_10)
FN:314,(anonymous_11)
FN:333,(anonymous_12)
FN:337,(anonymous_13)
FN:356,(anonymous_14)
FN:360,(anonymous_15)
FN:377,(anonymous_16)
FN:381,(anonymous_17)
FN:409,(anonymous_18)
FN:413,(anonymous_19)
FN:432,(anonymous_20)
FN:437,(anonymous_21)
FN:639,(anonymous_22)
FN:645,(anonymous_23)
FNF:24
FNH:21
FNDA:2,(anonymous_0)
FNDA:1,(anonymous_1)
FNDA:1,(anonymous_2)
FNDA:1,(anonymous_3)
FNDA:8,(anonymous_4)
FNDA:12,(anonymous_5)
FNDA:8,(anonymous_6)
FNDA:4,(anonymous_7)
FNDA:14,(anonymous_8)
FNDA:18,(anonymous_9)
FNDA:6,(anonymous_10)
FNDA:6,(anonymous_11)
FNDA:0,(anonymous_12)
FNDA:3,(anonymous_13)
FNDA:3,(anonymous_14)
FNDA:3,(anonymous_15)
FNDA:0,(anonymous_16)
FNDA:1,(anonymous_17)
FNDA:1,(anonymous_18)
FNDA:1,(anonymous_19)
FNDA:0,(anonymous_20)
FNDA:84,(anonymous_21)
FNDA:2,(anonymous_22)
FNDA:9,(anonymous_23)
DA:18,2
DA:20,2
DA:132,2
DA:135,2
DA:139,2
DA:142,2
DA:145,2
DA:148,2
DA:151,2
DA:154,2
DA:162,1
DA:164,1
DA:165,1
DA:167,0
DA:177,1
DA:185,8
DA:195,12
DA:200,1
DA:203,11
DA:204,11
DA:207,11
DA:208,1
DA:211,10
DA:213,10
DA:216,4
DA:219,8
DA:220,4
DA:221,4
DA:222,0
DA:224,4
DA:226,4
DA:229,2
DA:232,4
DA:236,3
DA:237,1
DA:238,0
DA:240,1
DA:242,2
DA:245,4
DA:249,4
DA:250,9
DA:251,14
DA:255,7
DA:256,7
DA:257,0
DA:258,7
DA:259,0
DA:264,4
DA:268,0
DA:276,18
DA:279,6
DA:285,6
DA:286,6
DA:289,6
DA:291,6
DA:293,1
DA:294,1
DA:295,1
DA:296,1
DA:297,1
DA:299,2
DA:300,2
DA:301,2
DA:302,2
DA:303,2
DA:305,3
DA:306,3
DA:307,3
DA:310,6
DA:312,6
DA:315,6
DA:318,3
DA:319,1
DA:323,2
DA:328,3
DA:329,3
DA:330,3
DA:333,0
DA:341,3
DA:344,3
DA:346,1
DA:347,1
DA:349,1
DA:350,1
DA:352,1
DA:353,1
DA:356,3
DA:358,3
DA:361,3
DA:364,3
DA:365,1
DA:369,2
DA:372,3
DA:373,0
DA:374,0
DA:377,0
DA:385,1
DA:388,1
DA:391,1
DA:392,1
DA:395,1
DA:397,0
DA:398,0
DA:399,0
DA:401,1
DA:402,1
DA:403,1
DA:405,0
DA:406,0
DA:409,1
DA:411,1
DA:414,1
DA:417,1
DA:418,0
DA:422,1
DA:427,1
DA:428,0
DA:429,0
DA:432,0
DA:438,84
DA:640,2
DA:646,9
LF:122
LH:103
BRDA:195,0,0,1
BRDA:195,0,1,11
BRDA:196,1,0,12
BRDA:196,1,1,11
BRDA:196,1,2,11
BRDA:207,2,0,1
BRDA:207,2,1,10
BRDA:213,3,0,4
BRDA:213,3,1,2
BRDA:213,3,2,4
BRDA:213,3,3,0
BRDA:219,4,0,4
BRDA:219,4,1,4
BRDA:221,5,0,0
BRDA:221,5,1,4
BRDA:232,6,0,3
BRDA:232,6,1,1
BRDA:233,7,0,4
BRDA:233,7,1,4
BRDA:237,8,0,0
BRDA:237,8,1,1
BRDA:251,9,0,7
BRDA:251,9,1,7
BRDA:252,10,0,14
BRDA:252,10,1,14
BRDA:256,11,0,0
BRDA:256,11,1,7
BRDA:258,12,0,0
BRDA:258,12,1,7
BRDA:291,13,0,1
BRDA:291,13,1,2
BRDA:291,13,2,3
BRDA:315,14,0,3
BRDA:315,14,1,3
BRDA:318,15,0,1
BRDA:318,15,1,2
BRDA:329,16,0,3
BRDA:329,16,1,0
BRDA:344,17,0,1
BRDA:344,17,1,1
BRDA:344,17,2,1
BRDA:361,18,0,3
BRDA:361,18,1,0
BRDA:364,19,0,1
BRDA:364,19,1,2
BRDA:373,20,0,0
BRDA:373,20,1,0
BRDA:395,21,0,0
BRDA:395,21,1,1
BRDA:395,21,2,0
BRDA:414,22,0,1
BRDA:414,22,1,0
BRDA:417,23,0,0
BRDA:417,23,1,1
BRDA:428,24,0,0
BRDA:428,24,1,0
BRF:56
BRH:41
end_of_record
TN:
SF:src/utils/helpers.ts
FN:12,validateData
FN:113,(anonymous_1)
FN:143,(anonymous_2)
FN:185,(anonymous_3)
FN:207,validateCRUDOptions
FN:234,messageFactory
FNF:6
FNH:6
FNDA:17,validateData
FNDA:1,(anonymous_1)
FNDA:7,(anonymous_2)
FNDA:10,(anonymous_3)
FNDA:19,validateCRUDOptions
FNDA:14,messageFactory
DA:16,17
DA:20,5
DA:27,5
DA:28,25
DA:29,0
DA:35,5
DA:36,17
DA:39,5
DA:40,1
DA:43,4
DA:44,1
DA:48,3
DA:50,3
DA:51,0
DA:52,3
DA:54,3
DA:55,0
DA:56,3
DA:58,3
DA:59,0
DA:60,3
DA:62,3
DA:63,0
DA:64,3
DA:68,3
DA:72,6
DA:81,6
DA:82,41
DA:83,0
DA:87,6
DA:88,21
DA:90,6
DA:91,1
DA:93,5
DA:94,1
DA:96,4
DA:98,1
DA:99,0
DA:100,1
DA:102,1
DA:103,0
DA:104,1
DA:106,4
DA:107,0
DA:108,4
DA:110,2
DA:111,0
DA:113,2
DA:114,1
DA:115,1
DA:119,1
DA:121,4
DA:122,0
DA:125,4
DA:129,4
DA:130,1
DA:132,3
DA:135,3
DA:136,0
DA:139,3
DA:143,3
DA:144,7
DA:147,3
DA:148,1
DA:149,2
DA:152,0
DA:156,1
DA:160,6
DA:161,6
DA:162,24
DA:163,0
DA:167,6
DA:168,19
DA:170,6
DA:171,0
DA:172,6
DA:173,1
DA:175,5
DA:177,5
DA:178,0
DA:179,5
DA:181,5
DA:182,1
DA:185,4
DA:186,10
DA:187,1
DA:191,3
DA:193,3
DA:194,0
DA:195,3
DA:199,3
DA:209,19
DA:211,19
DA:212,56
DA:213,1
DA:217,18
DA:220,18
DA:221,18
DA:222,0
DA:225,18
DA:226,18
DA:227,1
DA:230,17
DA:238,14
DA:240,13
DA:245,0
DA:253,1
LF:107
LH:88
BRDA:16,0,0,5
BRDA:16,0,1,6
BRDA:16,0,2,6
BRDA:28,1,0,0
BRDA:28,1,1,25
BRDA:36,2,0,5
BRDA:36,2,1,3
BRDA:36,2,2,3
BRDA:36,2,3,3
BRDA:36,2,4,3
BRDA:39,3,0,1
BRDA:39,3,1,4
BRDA:43,4,0,1
BRDA:43,4,1,3
BRDA:50,5,0,0
BRDA:50,5,1,3
BRDA:54,6,0,0
BRDA:54,6,1,3
BRDA:58,7,0,0
BRDA:58,7,1,3
BRDA:62,8,0,0
BRDA:62,8,1,3
BRDA:82,9,0,0
BRDA:82,9,1,41
BRDA:88,10,0,6
BRDA:88,10,1,1
BRDA:88,10,2,1
BRDA:88,10,3,4
BRDA:88,10,4,2
BRDA:88,10,5,4
BRDA:88,10,6,3
BRDA:88,10,7,0
BRDA:90,11,0,1
BRDA:90,11,1,5
BRDA:93,12,0,1
BRDA:93,12,1,4
BRDA:98,13,0,0
BRDA:98,13,1,1
BRDA:102,14,0,0
BRDA:102,14,1,1
BRDA:106,15,0,0
BRDA:106,15,1,4
BRDA:110,16,0,0
BRDA:110,16,1,2
BRDA:114,17,0,1
BRDA:114,17,1,0
BRDA:114,18,0,1
BRDA:114,18,1,0
BRDA:121,19,0,0
BRDA:121,19,1,4
BRDA:129,20,0,1
BRDA:129,20,1,3
BRDA:135,21,0,0
BRDA:135,21,1,3
BRDA:144,22,0,2
BRDA:144,22,1,5
BRDA:147,23,0,1
BRDA:147,23,1,2
BRDA:162,24,0,0
BRDA:162,24,1,24
BRDA:168,25,0,6
BRDA:168,25,1,5
BRDA:168,25,2,5
BRDA:168,25,3,3
BRDA:170,26,0,0
BRDA:170,26,1,6
BRDA:170,27,0,6
BRDA:170,27,1,0
BRDA:172,28,0,1
BRDA:172,28,1,5
BRDA:177,29,0,0
BRDA:177,29,1,5
BRDA:181,30,0,1
BRDA:181,30,1,4
BRDA:186,31,0,1
BRDA:186,31,1,9
BRDA:193,32,0,0
BRDA:193,32,1,3
BRDA:212,33,0,1
BRDA:212,33,1,55
BRDA:221,34,0,0
BRDA:221,34,1,18
BRDA:221,35,0,18
BRDA:221,35,1,18
BRDA:226,36,0,1
BRDA:226,36,1,17
BRDA:226,37,0,18
BRDA:226,37,1,18
BRDA:238,38,0,13
BRDA:238,38,1,0
BRDA:238,38,2,1
BRF:91
BRH:69
end_of_record
